{"C:\\Users\\USER\\Documents\\PROGRAMA STARTER\\qualidade-de-software\\avaliação\\backend-notes(cahce)\\src\\core\\infra\\index.ts": {"path":"C:\\Users\\USER\\Documents\\PROGRAMA STARTER\\qualidade-de-software\\avaliação\\backend-notes(cahce)\\src\\core\\infra\\index.ts","statementMap":{"0":{"start":{"line":1,"column":0},"end":{"line":1,"column":44}},"1":{"start":{"line":2,"column":0},"end":{"line":2,"column":41}},"2":{"start":{"line":3,"column":0},"end":{"line":3,"column":31}}},"fnMap":{},"branchMap":{},"s":{"0":9,"1":9,"2":9},"f":{},"b":{}}
,"C:\\Users\\USER\\Documents\\PROGRAMA STARTER\\qualidade-de-software\\avaliação\\backend-notes(cahce)\\src\\core\\infra\\data\\connections\\database.ts": {"path":"C:\\Users\\USER\\Documents\\PROGRAMA STARTER\\qualidade-de-software\\avaliação\\backend-notes(cahce)\\src\\core\\infra\\data\\connections\\database.ts","statementMap":{"0":{"start":{"line":1,"column":0},"end":{"line":1,"column":55}},"1":{"start":{"line":7,"column":4},"end":{"line":9,"column":null}},"2":{"start":{"line":8,"column":6},"end":{"line":8,"column":53}},"3":{"start":{"line":11,"column":4},"end":{"line":11,"column":31}},"4":{"start":{"line":15,"column":4},"end":{"line":17,"column":null}},"5":{"start":{"line":16,"column":6},"end":{"line":16,"column":53}},"6":{"start":{"line":21,"column":4},"end":{"line":23,"column":null}},"7":{"start":{"line":22,"column":6},"end":{"line":22,"column":53}},"8":{"start":{"line":25,"column":4},"end":{"line":25,"column":38}},"9":{"start":{"line":3,"column":0},"end":{"line":3,"column":21}}},"fnMap":{"0":{"name":"(anonymous_0)","decl":{"start":{"line":6,"column":9},"end":{"line":6,"column":15}},"loc":{"start":{"line":6,"column":29},"end":{"line":12,"column":3}}},"1":{"name":"(anonymous_1)","decl":{"start":{"line":14,"column":9},"end":{"line":14,"column":14}},"loc":{"start":{"line":14,"column":29},"end":{"line":18,"column":3}}},"2":{"name":"(anonymous_2)","decl":{"start":{"line":20,"column":9},"end":{"line":20,"column":14}},"loc":{"start":{"line":20,"column":33},"end":{"line":26,"column":3}}}},"branchMap":{"0":{"loc":{"start":{"line":7,"column":4},"end":{"line":9,"column":null}},"type":"if","locations":[{"start":{"line":7,"column":4},"end":{"line":9,"column":null}},{"start":{"line":7,"column":4},"end":{"line":9,"column":null}}]},"1":{"loc":{"start":{"line":15,"column":4},"end":{"line":17,"column":null}},"type":"if","locations":[{"start":{"line":15,"column":4},"end":{"line":17,"column":null}},{"start":{"line":15,"column":4},"end":{"line":17,"column":null}}]},"2":{"loc":{"start":{"line":21,"column":4},"end":{"line":23,"column":null}},"type":"if","locations":[{"start":{"line":21,"column":4},"end":{"line":23,"column":null}},{"start":{"line":21,"column":4},"end":{"line":23,"column":null}}]}},"s":{"0":9,"1":0,"2":0,"3":0,"4":6,"5":6,"6":3,"7":0,"8":3,"9":9},"f":{"0":0,"1":6,"2":3},"b":{"0":[0,0],"1":[6,0],"2":[0,3]}}
,"C:\\Users\\USER\\Documents\\PROGRAMA STARTER\\qualidade-de-software\\avaliação\\backend-notes(cahce)\\src\\core\\infra\\data\\connections\\redis.ts": {"path":"C:\\Users\\USER\\Documents\\PROGRAMA STARTER\\qualidade-de-software\\avaliação\\backend-notes(cahce)\\src\\core\\infra\\data\\connections\\redis.ts","statementMap":{"0":{"start":{"line":1,"column":0},"end":{"line":1,"column":30}},"1":{"start":{"line":2,"column":0},"end":{"line":2,"column":23}},"2":{"start":{"line":8,"column":4},"end":{"line":10,"column":null}},"3":{"start":{"line":9,"column":6},"end":{"line":9,"column":45}},"4":{"start":{"line":12,"column":4},"end":{"line":12,"column":28}},"5":{"start":{"line":16,"column":4},"end":{"line":18,"column":null}},"6":{"start":{"line":17,"column":6},"end":{"line":17,"column":61}},"7":{"start":{"line":4,"column":0},"end":{"line":4,"column":13}},"8":{"start":{"line":5,"column":2},"end":{"line":5,"column":36}}},"fnMap":{"0":{"name":"(anonymous_3)","decl":{"start":{"line":7,"column":9},"end":{"line":7,"column":15}},"loc":{"start":{"line":7,"column":35},"end":{"line":13,"column":3}}},"1":{"name":"(anonymous_4)","decl":{"start":{"line":15,"column":9},"end":{"line":15,"column":14}},"loc":{"start":{"line":15,"column":29},"end":{"line":19,"column":3}}}},"branchMap":{"0":{"loc":{"start":{"line":8,"column":4},"end":{"line":10,"column":null}},"type":"if","locations":[{"start":{"line":8,"column":4},"end":{"line":10,"column":null}},{"start":{"line":8,"column":4},"end":{"line":10,"column":null}}]},"1":{"loc":{"start":{"line":16,"column":4},"end":{"line":18,"column":null}},"type":"if","locations":[{"start":{"line":16,"column":4},"end":{"line":18,"column":null}},{"start":{"line":16,"column":4},"end":{"line":18,"column":null}}]}},"s":{"0":9,"1":9,"2":39,"3":3,"4":39,"5":3,"6":3,"7":9,"8":9},"f":{"0":39,"1":3},"b":{"0":[3,36],"1":[3,0]}}
,"C:\\Users\\USER\\Documents\\PROGRAMA STARTER\\qualidade-de-software\\avaliação\\backend-notes(cahce)\\src\\core\\infra\\data\\database\\entities\\checked-notes.entity.ts": {"path":"C:\\Users\\USER\\Documents\\PROGRAMA STARTER\\qualidade-de-software\\avaliação\\backend-notes(cahce)\\src\\core\\infra\\data\\database\\entities\\checked-notes.entity.ts","statementMap":{"0":{"start":{"line":1,"column":0},"end":{"line":1,"column":103}},"1":{"start":{"line":2,"column":0},"end":{"line":2,"column":34}},"2":{"start":{"line":3,"column":0},"end":{"line":3,"column":44}},"3":{"start":{"line":6,"column":0},"end":{"line":38,"column":null}},"4":{"start":{"line":27,"column":8},"end":{"line":27,"column":16}},"5":{"start":{"line":28,"column":8},"end":{"line":28,"column":31}},"6":{"start":{"line":29,"column":8},"end":{"line":29,"column":27}},"7":{"start":{"line":30,"column":8},"end":{"line":30,"column":39}},"8":{"start":{"line":35,"column":6},"end":{"line":35,"column":24}},"9":{"start":{"line":36,"column":6},"end":{"line":36,"column":44}},"10":{"start":{"line":8,"column":4},"end":{"line":8,"column":null}},"11":{"start":{"line":11,"column":4},"end":{"line":11,"column":null}},"12":{"start":{"line":14,"column":4},"end":{"line":14,"column":null}},"13":{"start":{"line":17,"column":4},"end":{"line":17,"column":null}},"14":{"start":{"line":20,"column":4},"end":{"line":20,"column":null}},"15":{"start":{"line":24,"column":4},"end":{"line":24,"column":null}},"16":{"start":{"line":22,"column":21},"end":{"line":22,"column":31}},"17":{"start":{"line":22,"column":41},"end":{"line":22,"column":51}},"18":{"start":{"line":34,"column":4},"end":{"line":37,"column":null}},"19":{"start":{"line":6,"column":13},"end":{"line":38,"column":null}},"20":{"start":{"line":6,"column":13},"end":{"line":6,"column":31}}},"fnMap":{"0":{"name":"(anonymous_2)","decl":{"start":{"line":26,"column":4},"end":{"line":26,"column":16}},"loc":{"start":{"line":26,"column":67},"end":{"line":31,"column":5}}},"1":{"name":"(anonymous_3)","decl":{"start":{"line":34,"column":12},"end":{"line":34,"column":24}},"loc":{"start":{"line":34,"column":24},"end":{"line":37,"column":5}}},"2":{"name":"(anonymous_4)","decl":{"start":{"line":22,"column":15},"end":{"line":22,"column":18}},"loc":{"start":{"line":22,"column":21},"end":{"line":22,"column":31}}},"3":{"name":"(anonymous_5)","decl":{"start":{"line":22,"column":33},"end":{"line":22,"column":37}},"loc":{"start":{"line":22,"column":41},"end":{"line":22,"column":51}}}},"branchMap":{},"s":{"0":9,"1":9,"2":9,"3":9,"4":29,"5":29,"6":29,"7":29,"8":17,"9":17,"10":9,"11":9,"12":9,"13":9,"14":9,"15":9,"16":6,"17":6,"18":9,"19":9,"20":9},"f":{"0":29,"1":17,"2":6,"3":6},"b":{}}
,"C:\\Users\\USER\\Documents\\PROGRAMA STARTER\\qualidade-de-software\\avaliação\\backend-notes(cahce)\\src\\core\\infra\\data\\database\\entities\\index.ts": {"path":"C:\\Users\\USER\\Documents\\PROGRAMA STARTER\\qualidade-de-software\\avaliação\\backend-notes(cahce)\\src\\core\\infra\\data\\database\\entities\\index.ts","statementMap":{"0":{"start":{"line":1,"column":0},"end":{"line":1,"column":39}},"1":{"start":{"line":2,"column":0},"end":{"line":2,"column":31}},"2":{"start":{"line":3,"column":0},"end":{"line":3,"column":31}}},"fnMap":{},"branchMap":{},"s":{"0":9,"1":9,"2":9},"f":{},"b":{}}
,"C:\\Users\\USER\\Documents\\PROGRAMA STARTER\\qualidade-de-software\\avaliação\\backend-notes(cahce)\\src\\core\\infra\\data\\database\\entities\\notes.entity.ts": {"path":"C:\\Users\\USER\\Documents\\PROGRAMA STARTER\\qualidade-de-software\\avaliação\\backend-notes(cahce)\\src\\core\\infra\\data\\database\\entities\\notes.entity.ts","statementMap":{"0":{"start":{"line":1,"column":0},"end":{"line":1,"column":117}},"1":{"start":{"line":2,"column":0},"end":{"line":2,"column":34}},"2":{"start":{"line":3,"column":0},"end":{"line":3,"column":44}},"3":{"start":{"line":6,"column":0},"end":{"line":47,"column":null}},"4":{"start":{"line":30,"column":8},"end":{"line":30,"column":16}},"5":{"start":{"line":31,"column":8},"end":{"line":31,"column":31}},"6":{"start":{"line":32,"column":8},"end":{"line":32,"column":27}},"7":{"start":{"line":33,"column":8},"end":{"line":33,"column":39}},"8":{"start":{"line":38,"column":6},"end":{"line":38,"column":24}},"9":{"start":{"line":39,"column":6},"end":{"line":39,"column":44}},"10":{"start":{"line":40,"column":6},"end":{"line":40,"column":44}},"11":{"start":{"line":45,"column":6},"end":{"line":45,"column":44}},"12":{"start":{"line":8,"column":4},"end":{"line":8,"column":null}},"13":{"start":{"line":11,"column":4},"end":{"line":11,"column":null}},"14":{"start":{"line":14,"column":4},"end":{"line":14,"column":null}},"15":{"start":{"line":17,"column":4},"end":{"line":17,"column":null}},"16":{"start":{"line":20,"column":4},"end":{"line":20,"column":null}},"17":{"start":{"line":23,"column":4},"end":{"line":23,"column":null}},"18":{"start":{"line":27,"column":4},"end":{"line":27,"column":null}},"19":{"start":{"line":25,"column":21},"end":{"line":25,"column":31}},"20":{"start":{"line":25,"column":41},"end":{"line":25,"column":51}},"21":{"start":{"line":37,"column":4},"end":{"line":41,"column":null}},"22":{"start":{"line":44,"column":4},"end":{"line":46,"column":null}},"23":{"start":{"line":6,"column":13},"end":{"line":47,"column":null}},"24":{"start":{"line":6,"column":13},"end":{"line":6,"column":24}}},"fnMap":{"0":{"name":"(anonymous_2)","decl":{"start":{"line":29,"column":4},"end":{"line":29,"column":16}},"loc":{"start":{"line":29,"column":67},"end":{"line":34,"column":5}}},"1":{"name":"(anonymous_3)","decl":{"start":{"line":37,"column":12},"end":{"line":37,"column":24}},"loc":{"start":{"line":37,"column":24},"end":{"line":41,"column":5}}},"2":{"name":"(anonymous_4)","decl":{"start":{"line":44,"column":12},"end":{"line":44,"column":24}},"loc":{"start":{"line":44,"column":24},"end":{"line":46,"column":5}}},"3":{"name":"(anonymous_5)","decl":{"start":{"line":25,"column":15},"end":{"line":25,"column":18}},"loc":{"start":{"line":25,"column":21},"end":{"line":25,"column":31}}},"4":{"name":"(anonymous_6)","decl":{"start":{"line":25,"column":33},"end":{"line":25,"column":37}},"loc":{"start":{"line":25,"column":41},"end":{"line":25,"column":51}}}},"branchMap":{},"s":{"0":9,"1":9,"2":9,"3":9,"4":32,"5":32,"6":32,"7":32,"8":20,"9":20,"10":20,"11":0,"12":9,"13":9,"14":9,"15":9,"16":9,"17":9,"18":9,"19":6,"20":6,"21":9,"22":9,"23":9,"24":9},"f":{"0":32,"1":20,"2":0,"3":6,"4":6},"b":{}}
,"C:\\Users\\USER\\Documents\\PROGRAMA STARTER\\qualidade-de-software\\avaliação\\backend-notes(cahce)\\src\\core\\infra\\data\\database\\entities\\users.entity.ts": {"path":"C:\\Users\\USER\\Documents\\PROGRAMA STARTER\\qualidade-de-software\\avaliação\\backend-notes(cahce)\\src\\core\\infra\\data\\database\\entities\\users.entity.ts","statementMap":{"0":{"start":{"line":1,"column":0},"end":{"line":1,"column":105}},"1":{"start":{"line":2,"column":0},"end":{"line":2,"column":34}},"2":{"start":{"line":3,"column":0},"end":{"line":3,"column":60}},"3":{"start":{"line":4,"column":0},"end":{"line":4,"column":45}},"4":{"start":{"line":7,"column":0},"end":{"line":47,"column":null}},"5":{"start":{"line":30,"column":8},"end":{"line":30,"column":16}},"6":{"start":{"line":31,"column":8},"end":{"line":31,"column":33}},"7":{"start":{"line":32,"column":8},"end":{"line":32,"column":33}},"8":{"start":{"line":33,"column":8},"end":{"line":33,"column":24}},"9":{"start":{"line":38,"column":6},"end":{"line":38,"column":24}},"10":{"start":{"line":39,"column":6},"end":{"line":39,"column":44}},"11":{"start":{"line":40,"column":6},"end":{"line":40,"column":44}},"12":{"start":{"line":45,"column":6},"end":{"line":45,"column":44}},"13":{"start":{"line":9,"column":4},"end":{"line":9,"column":null}},"14":{"start":{"line":12,"column":4},"end":{"line":12,"column":null}},"15":{"start":{"line":15,"column":4},"end":{"line":15,"column":null}},"16":{"start":{"line":18,"column":4},"end":{"line":18,"column":null}},"17":{"start":{"line":21,"column":4},"end":{"line":21,"column":null}},"18":{"start":{"line":24,"column":4},"end":{"line":24,"column":null}},"19":{"start":{"line":23,"column":21},"end":{"line":23,"column":32}},"20":{"start":{"line":23,"column":43},"end":{"line":23,"column":53}},"21":{"start":{"line":27,"column":4},"end":{"line":27,"column":null}},"22":{"start":{"line":26,"column":21},"end":{"line":26,"column":39}},"23":{"start":{"line":26,"column":57},"end":{"line":26,"column":74}},"24":{"start":{"line":37,"column":4},"end":{"line":41,"column":null}},"25":{"start":{"line":44,"column":4},"end":{"line":46,"column":null}},"26":{"start":{"line":7,"column":13},"end":{"line":47,"column":null}},"27":{"start":{"line":7,"column":13},"end":{"line":7,"column":23}}},"fnMap":{"0":{"name":"(anonymous_2)","decl":{"start":{"line":29,"column":4},"end":{"line":29,"column":16}},"loc":{"start":{"line":29,"column":75},"end":{"line":34,"column":5}}},"1":{"name":"(anonymous_3)","decl":{"start":{"line":37,"column":12},"end":{"line":37,"column":24}},"loc":{"start":{"line":37,"column":24},"end":{"line":41,"column":5}}},"2":{"name":"(anonymous_4)","decl":{"start":{"line":44,"column":12},"end":{"line":44,"column":24}},"loc":{"start":{"line":44,"column":24},"end":{"line":46,"column":5}}},"3":{"name":"(anonymous_5)","decl":{"start":{"line":23,"column":15},"end":{"line":23,"column":18}},"loc":{"start":{"line":23,"column":21},"end":{"line":23,"column":32}}},"4":{"name":"(anonymous_6)","decl":{"start":{"line":23,"column":34},"end":{"line":23,"column":39}},"loc":{"start":{"line":23,"column":43},"end":{"line":23,"column":53}}},"5":{"name":"(anonymous_7)","decl":{"start":{"line":26,"column":15},"end":{"line":26,"column":18}},"loc":{"start":{"line":26,"column":21},"end":{"line":26,"column":39}}},"6":{"name":"(anonymous_8)","decl":{"start":{"line":26,"column":41},"end":{"line":26,"column":53}},"loc":{"start":{"line":26,"column":57},"end":{"line":26,"column":74}}}},"branchMap":{},"s":{"0":9,"1":9,"2":9,"3":9,"4":9,"5":71,"6":71,"7":71,"8":71,"9":57,"10":57,"11":57,"12":0,"13":9,"14":9,"15":9,"16":9,"17":9,"18":9,"19":6,"20":6,"21":9,"22":6,"23":6,"24":9,"25":9,"26":9,"27":9},"f":{"0":71,"1":57,"2":0,"3":6,"4":6,"5":6,"6":6},"b":{}}
,"C:\\Users\\USER\\Documents\\PROGRAMA STARTER\\qualidade-de-software\\avaliação\\backend-notes(cahce)\\src\\core\\infra\\data\\database\\migrations\\1625528808365-CreateTableUsers.ts": {"path":"C:\\Users\\USER\\Documents\\PROGRAMA STARTER\\qualidade-de-software\\avaliação\\backend-notes(cahce)\\src\\core\\infra\\data\\database\\migrations\\1625528808365-CreateTableUsers.ts","statementMap":{"0":{"start":{"line":1,"column":0},"end":{"line":1,"column":63}},"1":{"start":{"line":6,"column":8},"end":{"line":33,"column":null}},"2":{"start":{"line":37,"column":8},"end":{"line":37,"column":45}},"3":{"start":{"line":3,"column":0},"end":{"line":3,"column":13}}},"fnMap":{"0":{"name":"(anonymous_0)","decl":{"start":{"line":5,"column":11},"end":{"line":5,"column":16}},"loc":{"start":{"line":5,"column":44},"end":{"line":34,"column":5}}},"1":{"name":"(anonymous_1)","decl":{"start":{"line":36,"column":11},"end":{"line":36,"column":16}},"loc":{"start":{"line":36,"column":46},"end":{"line":38,"column":5}}}},"branchMap":{},"s":{"0":6,"1":0,"2":0,"3":6},"f":{"0":0,"1":0},"b":{}}
,"C:\\Users\\USER\\Documents\\PROGRAMA STARTER\\qualidade-de-software\\avaliação\\backend-notes(cahce)\\src\\core\\infra\\data\\database\\migrations\\1625669978984-CreateTableNotes.ts": {"path":"C:\\Users\\USER\\Documents\\PROGRAMA STARTER\\qualidade-de-software\\avaliação\\backend-notes(cahce)\\src\\core\\infra\\data\\database\\migrations\\1625669978984-CreateTableNotes.ts","statementMap":{"0":{"start":{"line":1,"column":0},"end":{"line":1,"column":80}},"1":{"start":{"line":6,"column":8},"end":{"line":39,"column":10}},"2":{"start":{"line":42,"column":8},"end":{"line":50,"column":10}},"3":{"start":{"line":54,"column":8},"end":{"line":54,"column":45}},"4":{"start":{"line":3,"column":0},"end":{"line":3,"column":13}}},"fnMap":{"0":{"name":"(anonymous_0)","decl":{"start":{"line":5,"column":11},"end":{"line":5,"column":16}},"loc":{"start":{"line":5,"column":44},"end":{"line":51,"column":5}}},"1":{"name":"(anonymous_1)","decl":{"start":{"line":53,"column":11},"end":{"line":53,"column":16}},"loc":{"start":{"line":53,"column":46},"end":{"line":55,"column":5}}}},"branchMap":{},"s":{"0":6,"1":0,"2":0,"3":0,"4":6},"f":{"0":0,"1":0},"b":{}}
,"C:\\Users\\USER\\Documents\\PROGRAMA STARTER\\qualidade-de-software\\avaliação\\backend-notes(cahce)\\src\\core\\infra\\data\\database\\migrations\\1625680978759-CreateTableCheckedNotes.ts": {"path":"C:\\Users\\USER\\Documents\\PROGRAMA STARTER\\qualidade-de-software\\avaliação\\backend-notes(cahce)\\src\\core\\infra\\data\\database\\migrations\\1625680978759-CreateTableCheckedNotes.ts","statementMap":{"0":{"start":{"line":1,"column":0},"end":{"line":1,"column":80}},"1":{"start":{"line":6,"column":8},"end":{"line":38,"column":10}},"2":{"start":{"line":40,"column":8},"end":{"line":48,"column":10}},"3":{"start":{"line":52,"column":8},"end":{"line":52,"column":53}},"4":{"start":{"line":3,"column":0},"end":{"line":3,"column":13}}},"fnMap":{"0":{"name":"(anonymous_0)","decl":{"start":{"line":5,"column":11},"end":{"line":5,"column":16}},"loc":{"start":{"line":5,"column":44},"end":{"line":49,"column":5}}},"1":{"name":"(anonymous_1)","decl":{"start":{"line":51,"column":11},"end":{"line":51,"column":16}},"loc":{"start":{"line":51,"column":46},"end":{"line":53,"column":5}}}},"branchMap":{},"s":{"0":6,"1":0,"2":0,"3":0,"4":6},"f":{"0":0,"1":0},"b":{}}
,"C:\\Users\\USER\\Documents\\PROGRAMA STARTER\\qualidade-de-software\\avaliação\\backend-notes(cahce)\\src\\core\\infra\\repositories\\cache.repository.ts": {"path":"C:\\Users\\USER\\Documents\\PROGRAMA STARTER\\qualidade-de-software\\avaliação\\backend-notes(cahce)\\src\\core\\infra\\repositories\\cache.repository.ts","statementMap":{"0":{"start":{"line":1,"column":0},"end":{"line":1,"column":50}},"1":{"start":{"line":5,"column":18},"end":{"line":5,"column":45}},"2":{"start":{"line":6,"column":4},"end":{"line":6,"column":55}},"3":{"start":{"line":14,"column":18},"end":{"line":14,"column":45}},"4":{"start":{"line":15,"column":4},"end":{"line":15,"column":66}},"5":{"start":{"line":19,"column":18},"end":{"line":19,"column":45}},"6":{"start":{"line":20,"column":18},"end":{"line":20,"column":38}},"7":{"start":{"line":21,"column":4},"end":{"line":21,"column":28}},"8":{"start":{"line":21,"column":16},"end":{"line":21,"column":28}},"9":{"start":{"line":23,"column":4},"end":{"line":23,"column":29}},"10":{"start":{"line":27,"column":18},"end":{"line":27,"column":45}},"11":{"start":{"line":28,"column":19},"end":{"line":28,"column":39}},"12":{"start":{"line":29,"column":4},"end":{"line":29,"column":24}},"13":{"start":{"line":3,"column":0},"end":{"line":3,"column":13}}},"fnMap":{"0":{"name":"(anonymous_0)","decl":{"start":{"line":4,"column":9},"end":{"line":4,"column":14}},"loc":{"start":{"line":4,"column":42},"end":{"line":7,"column":3}}},"1":{"name":"(anonymous_1)","decl":{"start":{"line":9,"column":9},"end":{"line":9,"column":14}},"loc":{"start":{"line":12,"column":15},"end":{"line":16,"column":3}}},"2":{"name":"(anonymous_2)","decl":{"start":{"line":18,"column":9},"end":{"line":18,"column":14}},"loc":{"start":{"line":18,"column":30},"end":{"line":24,"column":3}}},"3":{"name":"(anonymous_3)","decl":{"start":{"line":26,"column":9},"end":{"line":26,"column":14}},"loc":{"start":{"line":26,"column":30},"end":{"line":30,"column":3}}}},"branchMap":{"0":{"loc":{"start":{"line":21,"column":4},"end":{"line":21,"column":28}},"type":"if","locations":[{"start":{"line":21,"column":4},"end":{"line":21,"column":28}},{"start":{"line":21,"column":4},"end":{"line":21,"column":28}}]}},"s":{"0":9,"1":6,"2":6,"3":0,"4":0,"5":18,"6":18,"7":15,"8":9,"9":6,"10":15,"11":15,"12":15,"13":9},"f":{"0":6,"1":0,"2":18,"3":15},"b":{"0":[9,6]}}
,"C:\\Users\\USER\\Documents\\PROGRAMA STARTER\\qualidade-de-software\\avaliação\\backend-notes(cahce)\\src\\core\\infra\\repositories\\index.ts": {"path":"C:\\Users\\USER\\Documents\\PROGRAMA STARTER\\qualidade-de-software\\avaliação\\backend-notes(cahce)\\src\\core\\infra\\repositories\\index.ts","statementMap":{"0":{"start":{"line":1,"column":0},"end":{"line":1,"column":34}}},"fnMap":{},"branchMap":{},"s":{"0":9},"f":{},"b":{}}
,"C:\\Users\\USER\\Documents\\PROGRAMA STARTER\\qualidade-de-software\\avaliação\\backend-notes(cahce)\\src\\core\\presentation\\app.ts": {"path":"C:\\Users\\USER\\Documents\\PROGRAMA STARTER\\qualidade-de-software\\avaliação\\backend-notes(cahce)\\src\\core\\presentation\\app.ts","statementMap":{"0":{"start":{"line":1,"column":0},"end":{"line":1,"column":24}},"1":{"start":{"line":2,"column":0},"end":{"line":2,"column":61}},"2":{"start":{"line":3,"column":0},"end":{"line":3,"column":93}},"3":{"start":{"line":4,"column":0},"end":{"line":4,"column":78}},"4":{"start":{"line":5,"column":0},"end":{"line":5,"column":76}},"5":{"start":{"line":9,"column":2},"end":{"line":9,"column":41}},"6":{"start":{"line":12,"column":4},"end":{"line":12,"column":30}},"7":{"start":{"line":16,"column":4},"end":{"line":16,"column":25}},"8":{"start":{"line":20,"column":4},"end":{"line":20,"column":23}},"9":{"start":{"line":21,"column":4},"end":{"line":21,"column":18}},"10":{"start":{"line":25,"column":4},"end":{"line":25,"column":30}},"11":{"start":{"line":26,"column":4},"end":{"line":26,"column":38}},"12":{"start":{"line":27,"column":4},"end":{"line":27,"column":63}},"13":{"start":{"line":31,"column":19},"end":{"line":31,"column":27}},"14":{"start":{"line":33,"column":4},"end":{"line":33,"column":80}},"15":{"start":{"line":33,"column":58},"end":{"line":33,"column":78}},"16":{"start":{"line":34,"column":4},"end":{"line":34,"column":38}},"17":{"start":{"line":36,"column":4},"end":{"line":36,"column":79}},"18":{"start":{"line":36,"column":51},"end":{"line":36,"column":77}},"19":{"start":{"line":39,"column":23},"end":{"line":39,"column":52}},"20":{"start":{"line":40,"column":24},"end":{"line":40,"column":54}},"21":{"start":{"line":41,"column":31},"end":{"line":41,"column":68}},"22":{"start":{"line":42,"column":4},"end":{"line":42,"column":67}},"23":{"start":{"line":46,"column":4},"end":{"line":48,"column":6}},"24":{"start":{"line":47,"column":6},"end":{"line":47,"column":49}},"25":{"start":{"line":8,"column":0},"end":{"line":8,"column":21}}},"fnMap":{"0":{"name":"(anonymous_9)","decl":{"start":{"line":11,"column":2},"end":{"line":11,"column":null}},"loc":{"start":{"line":11,"column":2},"end":{"line":13,"column":3}}},"1":{"name":"(anonymous_10)","decl":{"start":{"line":15,"column":2},"end":{"line":15,"column":13}},"loc":{"start":{"line":15,"column":19},"end":{"line":17,"column":3}}},"2":{"name":"(anonymous_11)","decl":{"start":{"line":19,"column":9},"end":{"line":19,"column":13}},"loc":{"start":{"line":19,"column":13},"end":{"line":22,"column":3}}},"3":{"name":"(anonymous_12)","decl":{"start":{"line":24,"column":10},"end":{"line":24,"column":21}},"loc":{"start":{"line":24,"column":21},"end":{"line":28,"column":3}}},"4":{"name":"(anonymous_13)","decl":{"start":{"line":30,"column":10},"end":{"line":30,"column":16}},"loc":{"start":{"line":30,"column":16},"end":{"line":43,"column":3}}},"5":{"name":"(anonymous_14)","decl":{"start":{"line":33,"column":27},"end":{"line":33,"column":28}},"loc":{"start":{"line":33,"column":58},"end":{"line":33,"column":78}}},"6":{"name":"(anonymous_15)","decl":{"start":{"line":36,"column":20},"end":{"line":36,"column":21}},"loc":{"start":{"line":36,"column":51},"end":{"line":36,"column":77}}},"7":{"name":"(anonymous_16)","decl":{"start":{"line":45,"column":9},"end":{"line":45,"column":14}},"loc":{"start":{"line":45,"column":27},"end":{"line":49,"column":3}}},"8":{"name":"(anonymous_17)","decl":{"start":{"line":46,"column":31},"end":{"line":46,"column":34}},"loc":{"start":{"line":47,"column":6},"end":{"line":47,"column":49}}}},"branchMap":{},"s":{"0":6,"1":6,"2":6,"3":6,"4":6,"5":3,"6":3,"7":3,"8":0,"9":0,"10":0,"11":0,"12":0,"13":0,"14":0,"15":0,"16":0,"17":0,"18":0,"19":0,"20":0,"21":0,"22":0,"23":0,"24":0,"25":6},"f":{"0":3,"1":3,"2":0,"3":0,"4":0,"5":0,"6":0,"7":0,"8":0},"b":{}}
,"C:\\Users\\USER\\Documents\\PROGRAMA STARTER\\qualidade-de-software\\avaliação\\backend-notes(cahce)\\src\\core\\presentation\\index.ts": {"path":"C:\\Users\\USER\\Documents\\PROGRAMA STARTER\\qualidade-de-software\\avaliação\\backend-notes(cahce)\\src\\core\\presentation\\index.ts","statementMap":{"0":{"start":{"line":1,"column":0},"end":{"line":1,"column":29}},"1":{"start":{"line":2,"column":0},"end":{"line":2,"column":25}},"2":{"start":{"line":3,"column":0},"end":{"line":3,"column":26}},"3":{"start":{"line":4,"column":0},"end":{"line":4,"column":25}},"4":{"start":{"line":5,"column":0},"end":{"line":5,"column":24}},"5":{"start":{"line":6,"column":0},"end":{"line":6,"column":27}},"6":{"start":{"line":7,"column":0},"end":{"line":7,"column":22}},"7":{"start":{"line":8,"column":0},"end":{"line":8,"column":28}}},"fnMap":{},"branchMap":{},"s":{"0":6,"1":6,"2":6,"3":6,"4":6,"5":6,"6":6,"7":6},"f":{},"b":{}}
,"C:\\Users\\USER\\Documents\\PROGRAMA STARTER\\qualidade-de-software\\avaliação\\backend-notes(cahce)\\src\\core\\presentation\\adapters\\express-middleware.adapter.ts": {"path":"C:\\Users\\USER\\Documents\\PROGRAMA STARTER\\qualidade-de-software\\avaliação\\backend-notes(cahce)\\src\\core\\presentation\\adapters\\express-middleware.adapter.ts","statementMap":{"0":{"start":{"line":4,"column":33},"end":{"line":22,"column":1}},"1":{"start":{"line":5,"column":2},"end":{"line":21,"column":4}},"2":{"start":{"line":6,"column":36},"end":{"line":9,"column":6}},"3":{"start":{"line":11,"column":39},"end":{"line":11,"column":71}},"4":{"start":{"line":13,"column":4},"end":{"line":20,"column":null}},"5":{"start":{"line":14,"column":6},"end":{"line":14,"column":44}},"6":{"start":{"line":15,"column":6},"end":{"line":15,"column":13}},"7":{"start":{"line":17,"column":6},"end":{"line":19,"column":9}},"8":{"start":{"line":4,"column":13},"end":{"line":4,"column":33}}},"fnMap":{"0":{"name":"(anonymous_0)","decl":{"start":{"line":4,"column":33},"end":{"line":4,"column":34}},"loc":{"start":{"line":4,"column":53},"end":{"line":22,"column":1}}},"1":{"name":"(anonymous_1)","decl":{"start":{"line":5,"column":9},"end":{"line":5,"column":14}},"loc":{"start":{"line":5,"column":67},"end":{"line":21,"column":3}}}},"branchMap":{"0":{"loc":{"start":{"line":13,"column":4},"end":{"line":20,"column":null}},"type":"if","locations":[{"start":{"line":13,"column":4},"end":{"line":20,"column":null}},{"start":{"line":13,"column":4},"end":{"line":20,"column":null}}]}},"s":{"0":6,"1":6,"2":25,"3":25,"4":25,"5":6,"6":6,"7":19,"8":6},"f":{"0":6,"1":25},"b":{"0":[6,19]}}
,"C:\\Users\\USER\\Documents\\PROGRAMA STARTER\\qualidade-de-software\\avaliação\\backend-notes(cahce)\\src\\core\\presentation\\adapters\\express-route.adapter.ts": {"path":"C:\\Users\\USER\\Documents\\PROGRAMA STARTER\\qualidade-de-software\\avaliação\\backend-notes(cahce)\\src\\core\\presentation\\adapters\\express-route.adapter.ts","statementMap":{"0":{"start":{"line":2,"column":0},"end":{"line":2,"column":53}},"1":{"start":{"line":5,"column":32},"end":{"line":40,"column":1}},"2":{"start":{"line":6,"column":2},"end":{"line":39,"column":4}},"3":{"start":{"line":7,"column":37},"end":{"line":10,"column":6}},"4":{"start":{"line":14,"column":4},"end":{"line":30,"column":null}},"5":{"start":{"line":16,"column":8},"end":{"line":16,"column":59}},"6":{"start":{"line":17,"column":8},"end":{"line":17,"column":14}},"7":{"start":{"line":19,"column":8},"end":{"line":19,"column":58}},"8":{"start":{"line":20,"column":8},"end":{"line":20,"column":14}},"9":{"start":{"line":22,"column":8},"end":{"line":22,"column":59}},"10":{"start":{"line":23,"column":8},"end":{"line":23,"column":14}},"11":{"start":{"line":25,"column":8},"end":{"line":25,"column":60}},"12":{"start":{"line":26,"column":8},"end":{"line":26,"column":14}},"13":{"start":{"line":28,"column":8},"end":{"line":28,"column":60}},"14":{"start":{"line":29,"column":8},"end":{"line":29,"column":14}},"15":{"start":{"line":32,"column":4},"end":{"line":38,"column":null}},"16":{"start":{"line":33,"column":6},"end":{"line":33,"column":66}},"17":{"start":{"line":35,"column":6},"end":{"line":37,"column":9}},"18":{"start":{"line":5,"column":13},"end":{"line":5,"column":32}}},"fnMap":{"0":{"name":"(anonymous_0)","decl":{"start":{"line":5,"column":32},"end":{"line":5,"column":33}},"loc":{"start":{"line":5,"column":74},"end":{"line":40,"column":1}}},"1":{"name":"(anonymous_1)","decl":{"start":{"line":6,"column":9},"end":{"line":6,"column":14}},"loc":{"start":{"line":6,"column":47},"end":{"line":39,"column":3}}}},"branchMap":{"0":{"loc":{"start":{"line":15,"column":6},"end":{"line":17,"column":14}},"type":"switch","locations":[{"start":{"line":15,"column":6},"end":{"line":17,"column":14}},{"start":{"line":18,"column":6},"end":{"line":20,"column":14}},{"start":{"line":21,"column":6},"end":{"line":23,"column":14}},{"start":{"line":24,"column":6},"end":{"line":26,"column":14}},{"start":{"line":27,"column":6},"end":{"line":29,"column":14}}]},"1":{"loc":{"start":{"line":32,"column":4},"end":{"line":38,"column":null}},"type":"if","locations":[{"start":{"line":32,"column":4},"end":{"line":38,"column":null}},{"start":{"line":32,"column":4},"end":{"line":38,"column":null}}]},"2":{"loc":{"start":{"line":32,"column":8},"end":{"line":32,"column":38}},"type":"binary-expr","locations":[{"start":{"line":32,"column":8},"end":{"line":32,"column":38}},{"start":{"line":32,"column":42},"end":{"line":32,"column":72}}]}},"s":{"0":6,"1":6,"2":15,"3":27,"4":27,"5":3,"6":3,"7":9,"8":9,"9":9,"10":9,"11":3,"12":3,"13":3,"14":3,"15":27,"16":21,"17":6,"18":6},"f":{"0":15,"1":27},"b":{"0":[3,9,9,3,3],"1":[21,6],"2":[27,27]}}
,"C:\\Users\\USER\\Documents\\PROGRAMA STARTER\\qualidade-de-software\\avaliação\\backend-notes(cahce)\\src\\core\\presentation\\adapters\\index.ts": {"path":"C:\\Users\\USER\\Documents\\PROGRAMA STARTER\\qualidade-de-software\\avaliação\\backend-notes(cahce)\\src\\core\\presentation\\adapters\\index.ts","statementMap":{"0":{"start":{"line":1,"column":0},"end":{"line":1,"column":45}},"1":{"start":{"line":2,"column":0},"end":{"line":2,"column":40}}},"fnMap":{},"branchMap":{},"s":{"0":6,"1":6},"f":{},"b":{}}
,"C:\\Users\\USER\\Documents\\PROGRAMA STARTER\\qualidade-de-software\\avaliação\\backend-notes(cahce)\\src\\core\\presentation\\contracts\\index.ts": {"path":"C:\\Users\\USER\\Documents\\PROGRAMA STARTER\\qualidade-de-software\\avaliação\\backend-notes(cahce)\\src\\core\\presentation\\contracts\\index.ts","statementMap":{"0":{"start":{"line":1,"column":0},"end":{"line":1,"column":29}},"1":{"start":{"line":2,"column":0},"end":{"line":2,"column":28}}},"fnMap":{},"branchMap":{},"s":{"0":6,"1":6},"f":{},"b":{}}
,"C:\\Users\\USER\\Documents\\PROGRAMA STARTER\\qualidade-de-software\\avaliação\\backend-notes(cahce)\\src\\core\\presentation\\enums\\index.ts": {"path":"C:\\Users\\USER\\Documents\\PROGRAMA STARTER\\qualidade-de-software\\avaliação\\backend-notes(cahce)\\src\\core\\presentation\\enums\\index.ts","statementMap":{"0":{"start":{"line":1,"column":0},"end":{"line":1,"column":27}}},"fnMap":{},"branchMap":{},"s":{"0":6},"f":{},"b":{}}
,"C:\\Users\\USER\\Documents\\PROGRAMA STARTER\\qualidade-de-software\\avaliação\\backend-notes(cahce)\\src\\core\\presentation\\enums\\mvc.enum.ts": {"path":"C:\\Users\\USER\\Documents\\PROGRAMA STARTER\\qualidade-de-software\\avaliação\\backend-notes(cahce)\\src\\core\\presentation\\enums\\mvc.enum.ts","statementMap":{"0":{"start":{"line":1,"column":0},"end":{"line":1,"column":null}},"1":{"start":{"line":2,"column":2},"end":{"line":2,"column":null}},"2":{"start":{"line":3,"column":2},"end":{"line":3,"column":null}},"3":{"start":{"line":4,"column":2},"end":{"line":4,"column":null}},"4":{"start":{"line":5,"column":2},"end":{"line":5,"column":null}},"5":{"start":{"line":6,"column":2},"end":{"line":6,"column":null}}},"fnMap":{"0":{"name":"(anonymous_0)","decl":{"start":{"line":1,"column":0},"end":{"line":1,"column":12}},"loc":{"start":{"line":1,"column":16},"end":{"line":7,"column":1}}}},"branchMap":{"0":{"loc":{"start":{"line":1,"column":12},"end":{"line":1,"column":16}},"type":"binary-expr","locations":[{"start":{"line":1,"column":12},"end":{"line":1,"column":16}},{"start":{"line":1,"column":12},"end":{"line":1,"column":null}}]}},"s":{"0":6,"1":6,"2":6,"3":6,"4":6,"5":6},"f":{"0":6},"b":{"0":[6,6]}}
,"C:\\Users\\USER\\Documents\\PROGRAMA STARTER\\qualidade-de-software\\avaliação\\backend-notes(cahce)\\src\\core\\presentation\\errors\\data-not-found.error.ts": {"path":"C:\\Users\\USER\\Documents\\PROGRAMA STARTER\\qualidade-de-software\\avaliação\\backend-notes(cahce)\\src\\core\\presentation\\errors\\data-not-found.error.ts","statementMap":{"0":{"start":{"line":3,"column":4},"end":{"line":3,"column":27}},"1":{"start":{"line":4,"column":4},"end":{"line":4,"column":36}},"2":{"start":{"line":1,"column":0},"end":{"line":1,"column":13}}},"fnMap":{"0":{"name":"(anonymous_0)","decl":{"start":{"line":2,"column":2},"end":{"line":2,"column":null}},"loc":{"start":{"line":2,"column":2},"end":{"line":5,"column":3}}}},"branchMap":{},"s":{"0":18,"1":18,"2":6},"f":{"0":18},"b":{}}
,"C:\\Users\\USER\\Documents\\PROGRAMA STARTER\\qualidade-de-software\\avaliação\\backend-notes(cahce)\\src\\core\\presentation\\errors\\index.ts": {"path":"C:\\Users\\USER\\Documents\\PROGRAMA STARTER\\qualidade-de-software\\avaliação\\backend-notes(cahce)\\src\\core\\presentation\\errors\\index.ts","statementMap":{"0":{"start":{"line":1,"column":0},"end":{"line":1,"column":31}},"1":{"start":{"line":2,"column":0},"end":{"line":2,"column":38}},"2":{"start":{"line":3,"column":0},"end":{"line":3,"column":38}},"3":{"start":{"line":4,"column":0},"end":{"line":4,"column":39}}},"fnMap":{},"branchMap":{},"s":{"0":6,"1":6,"2":6,"3":6},"f":{},"b":{}}
,"C:\\Users\\USER\\Documents\\PROGRAMA STARTER\\qualidade-de-software\\avaliação\\backend-notes(cahce)\\src\\core\\presentation\\errors\\invalid-param.error.ts": {"path":"C:\\Users\\USER\\Documents\\PROGRAMA STARTER\\qualidade-de-software\\avaliação\\backend-notes(cahce)\\src\\core\\presentation\\errors\\invalid-param.error.ts","statementMap":{"0":{"start":{"line":3,"column":4},"end":{"line":3,"column":41}},"1":{"start":{"line":4,"column":4},"end":{"line":4,"column":36}},"2":{"start":{"line":1,"column":0},"end":{"line":1,"column":13}}},"fnMap":{"0":{"name":"(anonymous_0)","decl":{"start":{"line":2,"column":2},"end":{"line":2,"column":14}},"loc":{"start":{"line":2,"column":31},"end":{"line":5,"column":3}}}},"branchMap":{},"s":{"0":2,"1":2,"2":6},"f":{"0":2},"b":{}}
,"C:\\Users\\USER\\Documents\\PROGRAMA STARTER\\qualidade-de-software\\avaliação\\backend-notes(cahce)\\src\\core\\presentation\\errors\\missing-param.error.ts": {"path":"C:\\Users\\USER\\Documents\\PROGRAMA STARTER\\qualidade-de-software\\avaliação\\backend-notes(cahce)\\src\\core\\presentation\\errors\\missing-param.error.ts","statementMap":{"0":{"start":{"line":3,"column":4},"end":{"line":3,"column":41}},"1":{"start":{"line":4,"column":4},"end":{"line":4,"column":36}},"2":{"start":{"line":1,"column":0},"end":{"line":1,"column":13}}},"fnMap":{"0":{"name":"(anonymous_0)","decl":{"start":{"line":2,"column":2},"end":{"line":2,"column":14}},"loc":{"start":{"line":2,"column":31},"end":{"line":5,"column":3}}}},"branchMap":{},"s":{"0":15,"1":15,"2":6},"f":{"0":15},"b":{}}
,"C:\\Users\\USER\\Documents\\PROGRAMA STARTER\\qualidade-de-software\\avaliação\\backend-notes(cahce)\\src\\core\\presentation\\errors\\server.error.ts": {"path":"C:\\Users\\USER\\Documents\\PROGRAMA STARTER\\qualidade-de-software\\avaliação\\backend-notes(cahce)\\src\\core\\presentation\\errors\\server.error.ts","statementMap":{"0":{"start":{"line":3,"column":4},"end":{"line":3,"column":35}},"1":{"start":{"line":4,"column":4},"end":{"line":4,"column":30}},"2":{"start":{"line":1,"column":0},"end":{"line":1,"column":13}}},"fnMap":{"0":{"name":"(anonymous_0)","decl":{"start":{"line":2,"column":2},"end":{"line":2,"column":null}},"loc":{"start":{"line":2,"column":2},"end":{"line":5,"column":3}}}},"branchMap":{},"s":{"0":33,"1":33,"2":6},"f":{"0":33},"b":{}}
,"C:\\Users\\USER\\Documents\\PROGRAMA STARTER\\qualidade-de-software\\avaliação\\backend-notes(cahce)\\src\\core\\presentation\\helpers\\http-helper.ts": {"path":"C:\\Users\\USER\\Documents\\PROGRAMA STARTER\\qualidade-de-software\\avaliação\\backend-notes(cahce)\\src\\core\\presentation\\helpers\\http-helper.ts","statementMap":{"0":{"start":{"line":1,"column":0},"end":{"line":1,"column":59}},"1":{"start":{"line":4,"column":26},"end":{"line":7,"column":2}},"2":{"start":{"line":4,"column":59},"end":{"line":7,"column":2}},"3":{"start":{"line":4,"column":13},"end":{"line":4,"column":26}},"4":{"start":{"line":9,"column":24},"end":{"line":12,"column":2}},"5":{"start":{"line":9,"column":57},"end":{"line":12,"column":2}},"6":{"start":{"line":9,"column":13},"end":{"line":9,"column":24}},"7":{"start":{"line":14,"column":18},"end":{"line":17,"column":2}},"8":{"start":{"line":14,"column":48},"end":{"line":17,"column":2}},"9":{"start":{"line":14,"column":13},"end":{"line":14,"column":18}},"10":{"start":{"line":19,"column":27},"end":{"line":22,"column":2}},"11":{"start":{"line":19,"column":48},"end":{"line":22,"column":2}},"12":{"start":{"line":19,"column":13},"end":{"line":19,"column":27}}},"fnMap":{"0":{"name":"(anonymous_0)","decl":{"start":{"line":4,"column":26},"end":{"line":4,"column":27}},"loc":{"start":{"line":4,"column":59},"end":{"line":7,"column":2}}},"1":{"name":"(anonymous_1)","decl":{"start":{"line":9,"column":24},"end":{"line":9,"column":25}},"loc":{"start":{"line":9,"column":57},"end":{"line":12,"column":2}}},"2":{"name":"(anonymous_2)","decl":{"start":{"line":14,"column":18},"end":{"line":14,"column":19}},"loc":{"start":{"line":14,"column":48},"end":{"line":17,"column":2}}},"3":{"name":"(anonymous_3)","decl":{"start":{"line":19,"column":27},"end":{"line":19,"column":44}},"loc":{"start":{"line":19,"column":48},"end":{"line":22,"column":2}}}},"branchMap":{},"s":{"0":6,"1":6,"2":19,"3":6,"4":6,"5":9,"6":6,"7":6,"8":69,"9":6,"10":6,"11":33,"12":6},"f":{"0":19,"1":9,"2":69,"3":33},"b":{}}
,"C:\\Users\\USER\\Documents\\PROGRAMA STARTER\\qualidade-de-software\\avaliação\\backend-notes(cahce)\\src\\core\\presentation\\helpers\\index.ts": {"path":"C:\\Users\\USER\\Documents\\PROGRAMA STARTER\\qualidade-de-software\\avaliação\\backend-notes(cahce)\\src\\core\\presentation\\helpers\\index.ts","statementMap":{"0":{"start":{"line":1,"column":0},"end":{"line":1,"column":30}}},"fnMap":{},"branchMap":{},"s":{"0":6},"f":{},"b":{}}
,"C:\\Users\\USER\\Documents\\PROGRAMA STARTER\\qualidade-de-software\\avaliação\\backend-notes(cahce)\\src\\core\\presentation\\models\\index.ts": {"path":"C:\\Users\\USER\\Documents\\PROGRAMA STARTER\\qualidade-de-software\\avaliação\\backend-notes(cahce)\\src\\core\\presentation\\models\\index.ts","statementMap":{"0":{"start":{"line":1,"column":0},"end":{"line":1,"column":29}}},"fnMap":{},"branchMap":{},"s":{"0":6},"f":{},"b":{}}
,"C:\\Users\\USER\\Documents\\PROGRAMA STARTER\\qualidade-de-software\\avaliação\\backend-notes(cahce)\\src\\core\\presentation\\validators\\compare-fields.validator.ts": {"path":"C:\\Users\\USER\\Documents\\PROGRAMA STARTER\\qualidade-de-software\\avaliação\\backend-notes(cahce)\\src\\core\\presentation\\validators\\compare-fields.validator.ts","statementMap":{"0":{"start":{"line":1,"column":0},"end":{"line":1,"column":39}},"1":{"start":{"line":5,"column":2},"end":{"line":5,"column":30}},"2":{"start":{"line":6,"column":2},"end":{"line":6,"column":39}},"3":{"start":{"line":9,"column":4},"end":{"line":9,"column":32}},"4":{"start":{"line":10,"column":4},"end":{"line":10,"column":50}},"5":{"start":{"line":14,"column":4},"end":{"line":16,"column":null}},"6":{"start":{"line":15,"column":6},"end":{"line":15,"column":61}},"7":{"start":{"line":4,"column":0},"end":{"line":4,"column":13}}},"fnMap":{"0":{"name":"(anonymous_2)","decl":{"start":{"line":8,"column":2},"end":{"line":8,"column":14}},"loc":{"start":{"line":8,"column":59},"end":{"line":11,"column":3}}},"1":{"name":"(anonymous_3)","decl":{"start":{"line":13,"column":9},"end":{"line":13,"column":17}},"loc":{"start":{"line":13,"column":28},"end":{"line":17,"column":3}}}},"branchMap":{"0":{"loc":{"start":{"line":14,"column":4},"end":{"line":16,"column":null}},"type":"if","locations":[{"start":{"line":14,"column":4},"end":{"line":16,"column":null}},{"start":{"line":14,"column":4},"end":{"line":16,"column":null}}]}},"s":{"0":6,"1":6,"2":6,"3":6,"4":6,"5":6,"6":2,"7":6},"f":{"0":6,"1":6},"b":{"0":[2,4]}}
,"C:\\Users\\USER\\Documents\\PROGRAMA STARTER\\qualidade-de-software\\avaliação\\backend-notes(cahce)\\src\\core\\presentation\\validators\\index.ts": {"path":"C:\\Users\\USER\\Documents\\PROGRAMA STARTER\\qualidade-de-software\\avaliação\\backend-notes(cahce)\\src\\core\\presentation\\validators\\index.ts","statementMap":{"0":{"start":{"line":1,"column":0},"end":{"line":1,"column":43}},"1":{"start":{"line":2,"column":0},"end":{"line":2,"column":43}}},"fnMap":{},"branchMap":{},"s":{"0":6,"1":6},"f":{},"b":{}}
,"C:\\Users\\USER\\Documents\\PROGRAMA STARTER\\qualidade-de-software\\avaliação\\backend-notes(cahce)\\src\\core\\presentation\\validators\\require-fields.validator.ts": {"path":"C:\\Users\\USER\\Documents\\PROGRAMA STARTER\\qualidade-de-software\\avaliação\\backend-notes(cahce)\\src\\core\\presentation\\validators\\require-fields.validator.ts","statementMap":{"0":{"start":{"line":1,"column":0},"end":{"line":1,"column":39}},"1":{"start":{"line":5,"column":2},"end":{"line":5,"column":30}},"2":{"start":{"line":8,"column":4},"end":{"line":8,"column":32}},"3":{"start":{"line":12,"column":4},"end":{"line":14,"column":null}},"4":{"start":{"line":13,"column":6},"end":{"line":13,"column":52}},"5":{"start":{"line":4,"column":0},"end":{"line":4,"column":13}}},"fnMap":{"0":{"name":"(anonymous_2)","decl":{"start":{"line":7,"column":2},"end":{"line":7,"column":14}},"loc":{"start":{"line":7,"column":31},"end":{"line":9,"column":3}}},"1":{"name":"(anonymous_3)","decl":{"start":{"line":11,"column":9},"end":{"line":11,"column":17}},"loc":{"start":{"line":11,"column":28},"end":{"line":15,"column":3}}}},"branchMap":{"0":{"loc":{"start":{"line":12,"column":4},"end":{"line":14,"column":null}},"type":"if","locations":[{"start":{"line":12,"column":4},"end":{"line":14,"column":null}},{"start":{"line":12,"column":4},"end":{"line":14,"column":null}}]}},"s":{"0":6,"1":60,"2":60,"3":60,"4":15,"5":6},"f":{"0":60,"1":60},"b":{"0":[15,45]}}
,"C:\\Users\\USER\\Documents\\PROGRAMA STARTER\\qualidade-de-software\\avaliação\\backend-notes(cahce)\\src\\features\\checked-notes\\infra\\index.ts": {"path":"C:\\Users\\USER\\Documents\\PROGRAMA STARTER\\qualidade-de-software\\avaliação\\backend-notes(cahce)\\src\\features\\checked-notes\\infra\\index.ts","statementMap":{"0":{"start":{"line":1,"column":0},"end":{"line":1,"column":30}}},"fnMap":{},"branchMap":{},"s":{"0":7},"f":{},"b":{}}
,"C:\\Users\\USER\\Documents\\PROGRAMA STARTER\\qualidade-de-software\\avaliação\\backend-notes(cahce)\\src\\features\\checked-notes\\infra\\repositories\\checked-notes.repository.ts": {"path":"C:\\Users\\USER\\Documents\\PROGRAMA STARTER\\qualidade-de-software\\avaliação\\backend-notes(cahce)\\src\\features\\checked-notes\\infra\\repositories\\checked-notes.repository.ts","statementMap":{"0":{"start":{"line":1,"column":0},"end":{"line":1,"column":60}},"1":{"start":{"line":7,"column":48},"end":{"line":7,"column":54}},"2":{"start":{"line":9,"column":22},"end":{"line":13,"column":17}},"3":{"start":{"line":15,"column":8},"end":{"line":15,"column":48}},"4":{"start":{"line":19,"column":21},"end":{"line":19,"column":58}},"5":{"start":{"line":21,"column":8},"end":{"line":21,"column":35}},"6":{"start":{"line":21,"column":18},"end":{"line":21,"column":35}},"7":{"start":{"line":23,"column":8},"end":{"line":29,"column":26}},"8":{"start":{"line":33,"column":22},"end":{"line":33,"column":67}},"9":{"start":{"line":35,"column":8},"end":{"line":43,"column":null}},"10":{"start":{"line":36,"column":12},"end":{"line":42,"column":30}},"11":{"start":{"line":47,"column":39},"end":{"line":47,"column":45}},"12":{"start":{"line":49,"column":21},"end":{"line":52,"column":10}},"13":{"start":{"line":54,"column":8},"end":{"line":54,"column":47}},"14":{"start":{"line":58,"column":8},"end":{"line":58,"column":52}},"15":{"start":{"line":5,"column":0},"end":{"line":5,"column":13}}},"fnMap":{"0":{"name":"(anonymous_0)","decl":{"start":{"line":6,"column":4},"end":{"line":6,"column":9}},"loc":{"start":{"line":6,"column":37},"end":{"line":16,"column":5}}},"1":{"name":"(anonymous_1)","decl":{"start":{"line":18,"column":4},"end":{"line":18,"column":9}},"loc":{"start":{"line":18,"column":29},"end":{"line":30,"column":5}}},"2":{"name":"(anonymous_2)","decl":{"start":{"line":32,"column":4},"end":{"line":32,"column":9}},"loc":{"start":{"line":32,"column":30},"end":{"line":44,"column":5}}},"3":{"name":"(anonymous_3)","decl":{"start":{"line":35,"column":25},"end":{"line":35,"column":26}},"loc":{"start":{"line":35,"column":34},"end":{"line":43,"column":9}}},"4":{"name":"(anonymous_4)","decl":{"start":{"line":46,"column":4},"end":{"line":46,"column":9}},"loc":{"start":{"line":46,"column":50},"end":{"line":55,"column":5}}},"5":{"name":"(anonymous_5)","decl":{"start":{"line":57,"column":4},"end":{"line":57,"column":9}},"loc":{"start":{"line":57,"column":28},"end":{"line":59,"column":5}}}},"branchMap":{"0":{"loc":{"start":{"line":21,"column":8},"end":{"line":21,"column":35}},"type":"if","locations":[{"start":{"line":21,"column":8},"end":{"line":21,"column":35}},{"start":{"line":21,"column":8},"end":{"line":21,"column":35}}]}},"s":{"0":7,"1":2,"2":2,"3":2,"4":4,"5":4,"6":2,"7":2,"8":2,"9":2,"10":4,"11":3,"12":3,"13":2,"14":3,"15":7},"f":{"0":2,"1":4,"2":2,"3":4,"4":3,"5":3},"b":{"0":[2,2]}}
,"C:\\Users\\USER\\Documents\\PROGRAMA STARTER\\qualidade-de-software\\avaliação\\backend-notes(cahce)\\src\\features\\checked-notes\\infra\\repositories\\index.ts": {"path":"C:\\Users\\USER\\Documents\\PROGRAMA STARTER\\qualidade-de-software\\avaliação\\backend-notes(cahce)\\src\\features\\checked-notes\\infra\\repositories\\index.ts","statementMap":{"0":{"start":{"line":1,"column":0},"end":{"line":1,"column":42}}},"fnMap":{},"branchMap":{},"s":{"0":7},"f":{},"b":{}}
,"C:\\Users\\USER\\Documents\\PROGRAMA STARTER\\qualidade-de-software\\avaliação\\backend-notes(cahce)\\src\\features\\checked-notes\\presentation\\controllers\\checked-notes.controller.ts": {"path":"C:\\Users\\USER\\Documents\\PROGRAMA STARTER\\qualidade-de-software\\avaliação\\backend-notes(cahce)\\src\\features\\checked-notes\\presentation\\controllers\\checked-notes.controller.ts","statementMap":{"0":{"start":{"line":2,"column":0},"end":{"line":2,"column":135}},"1":{"start":{"line":9,"column":4},"end":{"line":9,"column":49}},"2":{"start":{"line":10,"column":4},"end":{"line":10,"column":37}},"3":{"start":{"line":13,"column":8},"end":{"line":13,"column":38}},"4":{"start":{"line":14,"column":8},"end":{"line":14,"column":28}},"5":{"start":{"line":18,"column":8},"end":{"line":26,"column":null}},"6":{"start":{"line":19,"column":32},"end":{"line":19,"column":75}},"7":{"start":{"line":21,"column":12},"end":{"line":21,"column":54}},"8":{"start":{"line":23,"column":12},"end":{"line":23,"column":35}},"9":{"start":{"line":25,"column":12},"end":{"line":25,"column":33}},"10":{"start":{"line":30,"column":24},"end":{"line":30,"column":38}},"11":{"start":{"line":31,"column":8},"end":{"line":44,"column":null}},"12":{"start":{"line":32,"column":26},"end":{"line":32,"column":67}},"13":{"start":{"line":33,"column":12},"end":{"line":35,"column":null}},"14":{"start":{"line":34,"column":16},"end":{"line":34,"column":108}},"15":{"start":{"line":34,"column":59},"end":{"line":34,"column":105}},"16":{"start":{"line":37,"column":33},"end":{"line":37,"column":69}},"17":{"start":{"line":39,"column":12},"end":{"line":39,"column":null}},"18":{"start":{"line":41,"column":12},"end":{"line":41,"column":null}},"19":{"start":{"line":43,"column":12},"end":{"line":43,"column":33}},"20":{"start":{"line":48,"column":24},"end":{"line":48,"column":38}},"21":{"start":{"line":50,"column":8},"end":{"line":64,"column":null}},"22":{"start":{"line":51,"column":26},"end":{"line":51,"column":69}},"23":{"start":{"line":52,"column":12},"end":{"line":54,"column":null}},"24":{"start":{"line":53,"column":16},"end":{"line":53,"column":67}},"25":{"start":{"line":56,"column":32},"end":{"line":56,"column":67}},"26":{"start":{"line":57,"column":12},"end":{"line":57,"column":70}},"27":{"start":{"line":57,"column":29},"end":{"line":57,"column":70}},"28":{"start":{"line":59,"column":12},"end":{"line":59,"column":null}},"29":{"start":{"line":61,"column":12},"end":{"line":61,"column":35}},"30":{"start":{"line":63,"column":12},"end":{"line":63,"column":33}},"31":{"start":{"line":68,"column":24},"end":{"line":68,"column":38}},"32":{"start":{"line":70,"column":8},"end":{"line":79,"column":null}},"33":{"start":{"line":71,"column":32},"end":{"line":71,"column":66}},"34":{"start":{"line":73,"column":12},"end":{"line":73,"column":54}},"35":{"start":{"line":74,"column":12},"end":{"line":74,"column":56}},"36":{"start":{"line":76,"column":12},"end":{"line":76,"column":35}},"37":{"start":{"line":78,"column":12},"end":{"line":78,"column":33}},"38":{"start":{"line":83,"column":24},"end":{"line":83,"column":38}},"39":{"start":{"line":85,"column":8},"end":{"line":94,"column":null}},"40":{"start":{"line":86,"column":32},"end":{"line":86,"column":80}},"41":{"start":{"line":88,"column":12},"end":{"line":88,"column":54}},"42":{"start":{"line":89,"column":12},"end":{"line":89,"column":56}},"43":{"start":{"line":91,"column":12},"end":{"line":91,"column":35}},"44":{"start":{"line":93,"column":12},"end":{"line":93,"column":33}},"45":{"start":{"line":7,"column":0},"end":{"line":7,"column":13}}},"fnMap":{"0":{"name":"(anonymous_2)","decl":{"start":{"line":12,"column":4},"end":{"line":12,"column":16}},"loc":{"start":{"line":12,"column":74},"end":{"line":15,"column":5}}},"1":{"name":"(anonymous_3)","decl":{"start":{"line":17,"column":4},"end":{"line":17,"column":9}},"loc":{"start":{"line":17,"column":36},"end":{"line":27,"column":5}}},"2":{"name":"(anonymous_4)","decl":{"start":{"line":29,"column":4},"end":{"line":29,"column":9}},"loc":{"start":{"line":29,"column":36},"end":{"line":45,"column":5}}},"3":{"name":"(anonymous_5)","decl":{"start":{"line":34,"column":36},"end":{"line":34,"column":37}},"loc":{"start":{"line":34,"column":59},"end":{"line":34,"column":105}}},"4":{"name":"(anonymous_6)","decl":{"start":{"line":47,"column":4},"end":{"line":47,"column":9}},"loc":{"start":{"line":47,"column":35},"end":{"line":65,"column":5}}},"5":{"name":"(anonymous_7)","decl":{"start":{"line":67,"column":4},"end":{"line":67,"column":9}},"loc":{"start":{"line":67,"column":37},"end":{"line":80,"column":5}}},"6":{"name":"(anonymous_8)","decl":{"start":{"line":82,"column":4},"end":{"line":82,"column":9}},"loc":{"start":{"line":82,"column":37},"end":{"line":95,"column":5}}}},"branchMap":{"0":{"loc":{"start":{"line":33,"column":12},"end":{"line":35,"column":null}},"type":"if","locations":[{"start":{"line":33,"column":12},"end":{"line":35,"column":null}},{"start":{"line":33,"column":12},"end":{"line":35,"column":null}}]},"1":{"loc":{"start":{"line":52,"column":12},"end":{"line":54,"column":null}},"type":"if","locations":[{"start":{"line":52,"column":12},"end":{"line":54,"column":null}},{"start":{"line":52,"column":12},"end":{"line":54,"column":null}}]},"2":{"loc":{"start":{"line":57,"column":12},"end":{"line":57,"column":70}},"type":"if","locations":[{"start":{"line":57,"column":12},"end":{"line":57,"column":70}},{"start":{"line":57,"column":12},"end":{"line":57,"column":70}}]}},"s":{"0":6,"1":19,"2":19,"3":19,"4":19,"5":4,"6":4,"7":3,"8":3,"9":1,"10":6,"11":6,"12":6,"13":4,"14":2,"15":3,"16":2,"17":2,"18":2,"19":2,"20":7,"21":7,"22":7,"23":6,"24":2,"25":4,"26":4,"27":2,"28":2,"29":2,"30":1,"31":3,"32":3,"33":3,"34":2,"35":2,"36":2,"37":1,"38":3,"39":3,"40":3,"41":2,"42":2,"43":2,"44":1,"45":6},"f":{"0":19,"1":4,"2":6,"3":3,"4":7,"5":3,"6":3},"b":{"0":[2,2],"1":[2,4],"2":[2,2]}}
,"C:\\Users\\USER\\Documents\\PROGRAMA STARTER\\qualidade-de-software\\avaliação\\backend-notes(cahce)\\src\\features\\checked-notes\\presentation\\controllers\\index.ts": {"path":"C:\\Users\\USER\\Documents\\PROGRAMA STARTER\\qualidade-de-software\\avaliação\\backend-notes(cahce)\\src\\features\\checked-notes\\presentation\\controllers\\index.ts","statementMap":{"0":{"start":{"line":1,"column":0},"end":{"line":1,"column":42}}},"fnMap":{},"branchMap":{},"s":{"0":6},"f":{},"b":{}}
,"C:\\Users\\USER\\Documents\\PROGRAMA STARTER\\qualidade-de-software\\avaliação\\backend-notes(cahce)\\src\\features\\checked-notes\\presentation\\middlewares\\index.ts": {"path":"C:\\Users\\USER\\Documents\\PROGRAMA STARTER\\qualidade-de-software\\avaliação\\backend-notes(cahce)\\src\\features\\checked-notes\\presentation\\middlewares\\index.ts","statementMap":{"0":{"start":{"line":1,"column":0},"end":{"line":1,"column":34}}},"fnMap":{},"branchMap":{},"s":{"0":6},"f":{},"b":{}}
,"C:\\Users\\USER\\Documents\\PROGRAMA STARTER\\qualidade-de-software\\avaliação\\backend-notes(cahce)\\src\\features\\checked-notes\\presentation\\middlewares\\notes.middleware.ts": {"path":"C:\\Users\\USER\\Documents\\PROGRAMA STARTER\\qualidade-de-software\\avaliação\\backend-notes(cahce)\\src\\features\\checked-notes\\presentation\\middlewares\\notes.middleware.ts","statementMap":{"0":{"start":{"line":1,"column":0},"end":{"line":1,"column":129}},"1":{"start":{"line":7,"column":35},"end":{"line":7,"column":47}},"2":{"start":{"line":9,"column":31},"end":{"line":13,"column":10}},"3":{"start":{"line":15,"column":8},"end":{"line":18,"column":null}},"4":{"start":{"line":16,"column":26},"end":{"line":16,"column":74}},"5":{"start":{"line":17,"column":12},"end":{"line":17,"column":47}},"6":{"start":{"line":17,"column":22},"end":{"line":17,"column":47}},"7":{"start":{"line":20,"column":8},"end":{"line":20,"column":22}},"8":{"start":{"line":5,"column":0},"end":{"line":5,"column":13}}},"fnMap":{"0":{"name":"(anonymous_0)","decl":{"start":{"line":6,"column":4},"end":{"line":6,"column":9}},"loc":{"start":{"line":6,"column":40},"end":{"line":21,"column":5}}}},"branchMap":{"0":{"loc":{"start":{"line":17,"column":12},"end":{"line":17,"column":47}},"type":"if","locations":[{"start":{"line":17,"column":12},"end":{"line":17,"column":47}},{"start":{"line":17,"column":12},"end":{"line":17,"column":47}}]}},"s":{"0":6,"1":5,"2":5,"3":5,"4":12,"5":12,"6":3,"7":2,"8":6},"f":{"0":5},"b":{"0":[3,9]}}
,"C:\\Users\\USER\\Documents\\PROGRAMA STARTER\\qualidade-de-software\\avaliação\\backend-notes(cahce)\\src\\features\\checked-notes\\presentation\\routes\\routes.ts": {"path":"C:\\Users\\USER\\Documents\\PROGRAMA STARTER\\qualidade-de-software\\avaliação\\backend-notes(cahce)\\src\\features\\checked-notes\\presentation\\routes\\routes.ts","statementMap":{"0":{"start":{"line":2,"column":0},"end":{"line":2,"column":57}},"1":{"start":{"line":3,"column":0},"end":{"line":3,"column":105}},"2":{"start":{"line":4,"column":0},"end":{"line":4,"column":53}},"3":{"start":{"line":5,"column":0},"end":{"line":5,"column":56}},"4":{"start":{"line":6,"column":0},"end":{"line":6,"column":56}},"5":{"start":{"line":9,"column":23},"end":{"line":13,"column":1}},"6":{"start":{"line":10,"column":23},"end":{"line":10,"column":51}},"7":{"start":{"line":11,"column":18},"end":{"line":11,"column":39}},"8":{"start":{"line":12,"column":4},"end":{"line":12,"column":57}},"9":{"start":{"line":18,"column":8},"end":{"line":19,"column":56}},"10":{"start":{"line":20,"column":8},"end":{"line":20,"column":94}},"11":{"start":{"line":21,"column":8},"end":{"line":21,"column":88}},"12":{"start":{"line":22,"column":8},"end":{"line":23,"column":57}},"13":{"start":{"line":24,"column":8},"end":{"line":24,"column":93}},"14":{"start":{"line":26,"column":8},"end":{"line":26,"column":22}},"15":{"start":{"line":15,"column":0},"end":{"line":15,"column":13}}},"fnMap":{"0":{"name":"(anonymous_0)","decl":{"start":{"line":9,"column":23},"end":{"line":9,"column":41}},"loc":{"start":{"line":9,"column":43},"end":{"line":13,"column":1}}},"1":{"name":"(anonymous_1)","decl":{"start":{"line":16,"column":11},"end":{"line":16,"column":15}},"loc":{"start":{"line":16,"column":30},"end":{"line":27,"column":5}}}},"branchMap":{},"s":{"0":6,"1":6,"2":6,"3":6,"4":6,"5":6,"6":5,"7":5,"8":5,"9":1,"10":1,"11":1,"12":1,"13":1,"14":1,"15":6},"f":{"0":5,"1":1},"b":{}}
,"C:\\Users\\USER\\Documents\\PROGRAMA STARTER\\qualidade-de-software\\avaliação\\backend-notes(cahce)\\src\\features\\notes\\infra\\index.ts": {"path":"C:\\Users\\USER\\Documents\\PROGRAMA STARTER\\qualidade-de-software\\avaliação\\backend-notes(cahce)\\src\\features\\notes\\infra\\index.ts","statementMap":{"0":{"start":{"line":1,"column":0},"end":{"line":1,"column":31}}},"fnMap":{},"branchMap":{},"s":{"0":2},"f":{},"b":{}}
,"C:\\Users\\USER\\Documents\\PROGRAMA STARTER\\qualidade-de-software\\avaliação\\backend-notes(cahce)\\src\\features\\notes\\infra\\repositories\\index.ts": {"path":"C:\\Users\\USER\\Documents\\PROGRAMA STARTER\\qualidade-de-software\\avaliação\\backend-notes(cahce)\\src\\features\\notes\\infra\\repositories\\index.ts","statementMap":{"0":{"start":{"line":1,"column":0},"end":{"line":1,"column":35}}},"fnMap":{},"branchMap":{},"s":{"0":2},"f":{},"b":{}}
,"C:\\Users\\USER\\Documents\\PROGRAMA STARTER\\qualidade-de-software\\avaliação\\backend-notes(cahce)\\src\\features\\notes\\infra\\repositories\\notes.repository.ts": {"path":"C:\\Users\\USER\\Documents\\PROGRAMA STARTER\\qualidade-de-software\\avaliação\\backend-notes(cahce)\\src\\features\\notes\\infra\\repositories\\notes.repository.ts","statementMap":{"0":{"start":{"line":1,"column":0},"end":{"line":1,"column":53}},"1":{"start":{"line":7,"column":48},"end":{"line":7,"column":54}},"2":{"start":{"line":9,"column":22},"end":{"line":13,"column":17}},"3":{"start":{"line":15,"column":8},"end":{"line":15,"column":48}},"4":{"start":{"line":19,"column":21},"end":{"line":19,"column":51}},"5":{"start":{"line":21,"column":8},"end":{"line":21,"column":35}},"6":{"start":{"line":21,"column":18},"end":{"line":21,"column":35}},"7":{"start":{"line":23,"column":8},"end":{"line":30,"column":19}},"8":{"start":{"line":34,"column":22},"end":{"line":34,"column":60}},"9":{"start":{"line":36,"column":8},"end":{"line":45,"column":null}},"10":{"start":{"line":37,"column":12},"end":{"line":44,"column":23}},"11":{"start":{"line":49,"column":39},"end":{"line":49,"column":45}},"12":{"start":{"line":51,"column":21},"end":{"line":54,"column":10}},"13":{"start":{"line":56,"column":8},"end":{"line":56,"column":47}},"14":{"start":{"line":60,"column":8},"end":{"line":60,"column":45}},"15":{"start":{"line":5,"column":0},"end":{"line":5,"column":13}}},"fnMap":{"0":{"name":"(anonymous_0)","decl":{"start":{"line":6,"column":4},"end":{"line":6,"column":9}},"loc":{"start":{"line":6,"column":30},"end":{"line":16,"column":5}}},"1":{"name":"(anonymous_1)","decl":{"start":{"line":18,"column":4},"end":{"line":18,"column":9}},"loc":{"start":{"line":18,"column":29},"end":{"line":31,"column":5}}},"2":{"name":"(anonymous_2)","decl":{"start":{"line":33,"column":4},"end":{"line":33,"column":9}},"loc":{"start":{"line":33,"column":30},"end":{"line":46,"column":5}}},"3":{"name":"(anonymous_3)","decl":{"start":{"line":36,"column":25},"end":{"line":36,"column":26}},"loc":{"start":{"line":36,"column":34},"end":{"line":45,"column":9}}},"4":{"name":"(anonymous_4)","decl":{"start":{"line":48,"column":4},"end":{"line":48,"column":9}},"loc":{"start":{"line":48,"column":43},"end":{"line":57,"column":5}}},"5":{"name":"(anonymous_5)","decl":{"start":{"line":59,"column":4},"end":{"line":59,"column":9}},"loc":{"start":{"line":59,"column":28},"end":{"line":61,"column":5}}}},"branchMap":{"0":{"loc":{"start":{"line":21,"column":8},"end":{"line":21,"column":35}},"type":"if","locations":[{"start":{"line":21,"column":8},"end":{"line":21,"column":35}},{"start":{"line":21,"column":8},"end":{"line":21,"column":35}}]}},"s":{"0":7,"1":2,"2":2,"3":2,"4":4,"5":4,"6":2,"7":2,"8":2,"9":2,"10":4,"11":3,"12":3,"13":2,"14":3,"15":7},"f":{"0":2,"1":4,"2":2,"3":4,"4":3,"5":3},"b":{"0":[2,2]}}
,"C:\\Users\\USER\\Documents\\PROGRAMA STARTER\\qualidade-de-software\\avaliação\\backend-notes(cahce)\\src\\features\\notes\\presentation\\controllers\\index.ts": {"path":"C:\\Users\\USER\\Documents\\PROGRAMA STARTER\\qualidade-de-software\\avaliação\\backend-notes(cahce)\\src\\features\\notes\\presentation\\controllers\\index.ts","statementMap":{"0":{"start":{"line":1,"column":0},"end":{"line":1,"column":34}}},"fnMap":{},"branchMap":{},"s":{"0":1},"f":{},"b":{}}
,"C:\\Users\\USER\\Documents\\PROGRAMA STARTER\\qualidade-de-software\\avaliação\\backend-notes(cahce)\\src\\features\\notes\\presentation\\controllers\\notes.controller.ts": {"path":"C:\\Users\\USER\\Documents\\PROGRAMA STARTER\\qualidade-de-software\\avaliação\\backend-notes(cahce)\\src\\features\\notes\\presentation\\controllers\\notes.controller.ts","statementMap":{"0":{"start":{"line":2,"column":0},"end":{"line":2,"column":135}},"1":{"start":{"line":7,"column":4},"end":{"line":7,"column":42}},"2":{"start":{"line":8,"column":4},"end":{"line":8,"column":37}},"3":{"start":{"line":11,"column":8},"end":{"line":11,"column":38}},"4":{"start":{"line":12,"column":8},"end":{"line":12,"column":28}},"5":{"start":{"line":16,"column":8},"end":{"line":24,"column":null}},"6":{"start":{"line":17,"column":25},"end":{"line":17,"column":68}},"7":{"start":{"line":19,"column":12},"end":{"line":19,"column":47}},"8":{"start":{"line":21,"column":12},"end":{"line":21,"column":28}},"9":{"start":{"line":23,"column":12},"end":{"line":23,"column":33}},"10":{"start":{"line":28,"column":24},"end":{"line":28,"column":38}},"11":{"start":{"line":30,"column":8},"end":{"line":43,"column":null}},"12":{"start":{"line":31,"column":26},"end":{"line":31,"column":60}},"13":{"start":{"line":32,"column":12},"end":{"line":34,"column":null}},"14":{"start":{"line":33,"column":16},"end":{"line":33,"column":94}},"15":{"start":{"line":33,"column":52},"end":{"line":33,"column":91}},"16":{"start":{"line":36,"column":26},"end":{"line":36,"column":62}},"17":{"start":{"line":38,"column":12},"end":{"line":38,"column":54}},"18":{"start":{"line":40,"column":12},"end":{"line":40,"column":null}},"19":{"start":{"line":42,"column":12},"end":{"line":42,"column":33}},"20":{"start":{"line":47,"column":24},"end":{"line":47,"column":38}},"21":{"start":{"line":49,"column":8},"end":{"line":63,"column":null}},"22":{"start":{"line":50,"column":26},"end":{"line":50,"column":62}},"23":{"start":{"line":51,"column":12},"end":{"line":53,"column":null}},"24":{"start":{"line":52,"column":16},"end":{"line":52,"column":67}},"25":{"start":{"line":55,"column":25},"end":{"line":55,"column":60}},"26":{"start":{"line":56,"column":12},"end":{"line":56,"column":63}},"27":{"start":{"line":56,"column":22},"end":{"line":56,"column":63}},"28":{"start":{"line":58,"column":12},"end":{"line":58,"column":55}},"29":{"start":{"line":60,"column":12},"end":{"line":60,"column":28}},"30":{"start":{"line":62,"column":12},"end":{"line":62,"column":33}},"31":{"start":{"line":67,"column":24},"end":{"line":67,"column":38}},"32":{"start":{"line":69,"column":8},"end":{"line":78,"column":null}},"33":{"start":{"line":70,"column":25},"end":{"line":70,"column":59}},"34":{"start":{"line":72,"column":12},"end":{"line":72,"column":47}},"35":{"start":{"line":73,"column":12},"end":{"line":73,"column":49}},"36":{"start":{"line":75,"column":12},"end":{"line":75,"column":28}},"37":{"start":{"line":77,"column":12},"end":{"line":77,"column":33}},"38":{"start":{"line":82,"column":24},"end":{"line":82,"column":38}},"39":{"start":{"line":84,"column":8},"end":{"line":93,"column":null}},"40":{"start":{"line":85,"column":25},"end":{"line":85,"column":73}},"41":{"start":{"line":87,"column":12},"end":{"line":87,"column":47}},"42":{"start":{"line":88,"column":12},"end":{"line":88,"column":49}},"43":{"start":{"line":90,"column":12},"end":{"line":90,"column":28}},"44":{"start":{"line":92,"column":12},"end":{"line":92,"column":33}},"45":{"start":{"line":5,"column":0},"end":{"line":5,"column":13}}},"fnMap":{"0":{"name":"(anonymous_2)","decl":{"start":{"line":10,"column":4},"end":{"line":10,"column":16}},"loc":{"start":{"line":10,"column":67},"end":{"line":13,"column":5}}},"1":{"name":"(anonymous_3)","decl":{"start":{"line":15,"column":4},"end":{"line":15,"column":9}},"loc":{"start":{"line":15,"column":36},"end":{"line":25,"column":5}}},"2":{"name":"(anonymous_4)","decl":{"start":{"line":27,"column":4},"end":{"line":27,"column":9}},"loc":{"start":{"line":27,"column":36},"end":{"line":44,"column":5}}},"3":{"name":"(anonymous_5)","decl":{"start":{"line":33,"column":36},"end":{"line":33,"column":37}},"loc":{"start":{"line":33,"column":52},"end":{"line":33,"column":91}}},"4":{"name":"(anonymous_6)","decl":{"start":{"line":46,"column":4},"end":{"line":46,"column":9}},"loc":{"start":{"line":46,"column":35},"end":{"line":64,"column":5}}},"5":{"name":"(anonymous_7)","decl":{"start":{"line":66,"column":4},"end":{"line":66,"column":9}},"loc":{"start":{"line":66,"column":37},"end":{"line":79,"column":5}}},"6":{"name":"(anonymous_8)","decl":{"start":{"line":81,"column":4},"end":{"line":81,"column":9}},"loc":{"start":{"line":81,"column":37},"end":{"line":94,"column":5}}}},"branchMap":{"0":{"loc":{"start":{"line":32,"column":12},"end":{"line":34,"column":null}},"type":"if","locations":[{"start":{"line":32,"column":12},"end":{"line":34,"column":null}},{"start":{"line":32,"column":12},"end":{"line":34,"column":null}}]},"1":{"loc":{"start":{"line":51,"column":12},"end":{"line":53,"column":null}},"type":"if","locations":[{"start":{"line":51,"column":12},"end":{"line":53,"column":null}},{"start":{"line":51,"column":12},"end":{"line":53,"column":null}}]},"2":{"loc":{"start":{"line":56,"column":12},"end":{"line":56,"column":63}},"type":"if","locations":[{"start":{"line":56,"column":12},"end":{"line":56,"column":63}},{"start":{"line":56,"column":12},"end":{"line":56,"column":63}}]}},"s":{"0":6,"1":19,"2":19,"3":19,"4":19,"5":4,"6":4,"7":3,"8":3,"9":1,"10":6,"11":6,"12":6,"13":4,"14":2,"15":3,"16":2,"17":2,"18":2,"19":2,"20":7,"21":7,"22":7,"23":6,"24":2,"25":4,"26":4,"27":2,"28":2,"29":2,"30":1,"31":3,"32":3,"33":3,"34":2,"35":2,"36":2,"37":1,"38":3,"39":3,"40":3,"41":2,"42":2,"43":2,"44":1,"45":6},"f":{"0":19,"1":4,"2":6,"3":3,"4":7,"5":3,"6":3},"b":{"0":[2,2],"1":[2,4],"2":[2,2]}}
,"C:\\Users\\USER\\Documents\\PROGRAMA STARTER\\qualidade-de-software\\avaliação\\backend-notes(cahce)\\src\\features\\notes\\presentation\\middlewares\\notes.middleware.ts": {"path":"C:\\Users\\USER\\Documents\\PROGRAMA STARTER\\qualidade-de-software\\avaliação\\backend-notes(cahce)\\src\\features\\notes\\presentation\\middlewares\\notes.middleware.ts","statementMap":{"0":{"start":{"line":1,"column":0},"end":{"line":1,"column":129}},"1":{"start":{"line":6,"column":28},"end":{"line":6,"column":40}},"2":{"start":{"line":8,"column":31},"end":{"line":12,"column":10}},"3":{"start":{"line":14,"column":8},"end":{"line":17,"column":null}},"4":{"start":{"line":15,"column":26},"end":{"line":15,"column":74}},"5":{"start":{"line":16,"column":12},"end":{"line":16,"column":47}},"6":{"start":{"line":16,"column":22},"end":{"line":16,"column":47}},"7":{"start":{"line":19,"column":8},"end":{"line":19,"column":22}},"8":{"start":{"line":4,"column":0},"end":{"line":4,"column":13}}},"fnMap":{"0":{"name":"(anonymous_0)","decl":{"start":{"line":5,"column":4},"end":{"line":5,"column":9}},"loc":{"start":{"line":5,"column":40},"end":{"line":20,"column":5}}}},"branchMap":{"0":{"loc":{"start":{"line":16,"column":12},"end":{"line":16,"column":47}},"type":"if","locations":[{"start":{"line":16,"column":12},"end":{"line":16,"column":47}},{"start":{"line":16,"column":12},"end":{"line":16,"column":47}}]}},"s":{"0":6,"1":8,"2":8,"3":8,"4":18,"5":18,"6":6,"7":2,"8":6},"f":{"0":8},"b":{"0":[6,12]}}
,"C:\\Users\\USER\\Documents\\PROGRAMA STARTER\\qualidade-de-software\\avaliação\\backend-notes(cahce)\\src\\features\\notes\\presentation\\routes\\routes.ts": {"path":"C:\\Users\\USER\\Documents\\PROGRAMA STARTER\\qualidade-de-software\\avaliação\\backend-notes(cahce)\\src\\features\\notes\\presentation\\routes\\routes.ts","statementMap":{"0":{"start":{"line":2,"column":0},"end":{"line":2,"column":87}},"1":{"start":{"line":3,"column":0},"end":{"line":3,"column":105}},"2":{"start":{"line":4,"column":0},"end":{"line":4,"column":76}},"3":{"start":{"line":5,"column":0},"end":{"line":5,"column":66}},"4":{"start":{"line":6,"column":0},"end":{"line":6,"column":66}},"5":{"start":{"line":8,"column":23},"end":{"line":12,"column":1}},"6":{"start":{"line":9,"column":23},"end":{"line":9,"column":44}},"7":{"start":{"line":10,"column":18},"end":{"line":10,"column":39}},"8":{"start":{"line":11,"column":4},"end":{"line":11,"column":50}},"9":{"start":{"line":17,"column":8},"end":{"line":18,"column":56}},"10":{"start":{"line":20,"column":8},"end":{"line":20,"column":87}},"11":{"start":{"line":21,"column":8},"end":{"line":21,"column":81}},"12":{"start":{"line":22,"column":8},"end":{"line":23,"column":57}},"13":{"start":{"line":24,"column":8},"end":{"line":24,"column":86}},"14":{"start":{"line":27,"column":8},"end":{"line":27,"column":22}},"15":{"start":{"line":14,"column":0},"end":{"line":14,"column":13}}},"fnMap":{"0":{"name":"(anonymous_0)","decl":{"start":{"line":8,"column":23},"end":{"line":8,"column":41}},"loc":{"start":{"line":8,"column":43},"end":{"line":12,"column":1}}},"1":{"name":"(anonymous_1)","decl":{"start":{"line":15,"column":11},"end":{"line":15,"column":15}},"loc":{"start":{"line":15,"column":30},"end":{"line":28,"column":5}}}},"branchMap":{},"s":{"0":6,"1":6,"2":6,"3":6,"4":6,"5":6,"6":5,"7":5,"8":5,"9":1,"10":1,"11":1,"12":1,"13":1,"14":1,"15":6},"f":{"0":5,"1":1},"b":{}}
,"C:\\Users\\USER\\Documents\\PROGRAMA STARTER\\qualidade-de-software\\avaliação\\backend-notes(cahce)\\src\\features\\user\\infra\\index.ts": {"path":"C:\\Users\\USER\\Documents\\PROGRAMA STARTER\\qualidade-de-software\\avaliação\\backend-notes(cahce)\\src\\features\\user\\infra\\index.ts","statementMap":{"0":{"start":{"line":1,"column":0},"end":{"line":1,"column":30}}},"fnMap":{},"branchMap":{},"s":{"0":7},"f":{},"b":{}}
,"C:\\Users\\USER\\Documents\\PROGRAMA STARTER\\qualidade-de-software\\avaliação\\backend-notes(cahce)\\src\\features\\user\\infra\\repositories\\index.ts": {"path":"C:\\Users\\USER\\Documents\\PROGRAMA STARTER\\qualidade-de-software\\avaliação\\backend-notes(cahce)\\src\\features\\user\\infra\\repositories\\index.ts","statementMap":{"0":{"start":{"line":1,"column":0},"end":{"line":1,"column":33}}},"fnMap":{},"branchMap":{},"s":{"0":7},"f":{},"b":{}}
,"C:\\Users\\USER\\Documents\\PROGRAMA STARTER\\qualidade-de-software\\avaliação\\backend-notes(cahce)\\src\\features\\user\\infra\\repositories\\user.repository.ts": {"path":"C:\\Users\\USER\\Documents\\PROGRAMA STARTER\\qualidade-de-software\\avaliação\\backend-notes(cahce)\\src\\features\\user\\infra\\repositories\\user.repository.ts","statementMap":{"0":{"start":{"line":1,"column":0},"end":{"line":1,"column":52}},"1":{"start":{"line":6,"column":56},"end":{"line":6,"column":62}},"2":{"start":{"line":8,"column":21},"end":{"line":11,"column":17}},"3":{"start":{"line":13,"column":8},"end":{"line":13,"column":47}},"4":{"start":{"line":17,"column":21},"end":{"line":17,"column":50}},"5":{"start":{"line":19,"column":8},"end":{"line":19,"column":35}},"6":{"start":{"line":19,"column":18},"end":{"line":19,"column":35}},"7":{"start":{"line":21,"column":8},"end":{"line":26,"column":18}},"8":{"start":{"line":30,"column":22},"end":{"line":30,"column":45}},"9":{"start":{"line":32,"column":8},"end":{"line":39,"column":null}},"10":{"start":{"line":33,"column":12},"end":{"line":38,"column":22}},"11":{"start":{"line":43,"column":56},"end":{"line":43,"column":62}},"12":{"start":{"line":45,"column":21},"end":{"line":48,"column":10}},"13":{"start":{"line":50,"column":8},"end":{"line":50,"column":47}},"14":{"start":{"line":54,"column":8},"end":{"line":54,"column":44}},"15":{"start":{"line":4,"column":0},"end":{"line":4,"column":13}}},"fnMap":{"0":{"name":"(anonymous_0)","decl":{"start":{"line":5,"column":4},"end":{"line":5,"column":9}},"loc":{"start":{"line":5,"column":29},"end":{"line":14,"column":5}}},"1":{"name":"(anonymous_1)","decl":{"start":{"line":16,"column":4},"end":{"line":16,"column":9}},"loc":{"start":{"line":16,"column":29},"end":{"line":27,"column":5}}},"2":{"name":"(anonymous_2)","decl":{"start":{"line":29,"column":4},"end":{"line":29,"column":9}},"loc":{"start":{"line":29,"column":18},"end":{"line":40,"column":5}}},"3":{"name":"(anonymous_3)","decl":{"start":{"line":32,"column":25},"end":{"line":32,"column":26}},"loc":{"start":{"line":32,"column":34},"end":{"line":39,"column":9}}},"4":{"name":"(anonymous_4)","decl":{"start":{"line":42,"column":4},"end":{"line":42,"column":9}},"loc":{"start":{"line":42,"column":42},"end":{"line":51,"column":5}}},"5":{"name":"(anonymous_5)","decl":{"start":{"line":53,"column":4},"end":{"line":53,"column":9}},"loc":{"start":{"line":53,"column":28},"end":{"line":55,"column":5}}}},"branchMap":{"0":{"loc":{"start":{"line":19,"column":8},"end":{"line":19,"column":35}},"type":"if","locations":[{"start":{"line":19,"column":8},"end":{"line":19,"column":35}},{"start":{"line":19,"column":8},"end":{"line":19,"column":35}}]}},"s":{"0":7,"1":2,"2":2,"3":2,"4":4,"5":4,"6":2,"7":2,"8":2,"9":2,"10":4,"11":3,"12":3,"13":2,"14":3,"15":7},"f":{"0":2,"1":4,"2":2,"3":4,"4":3,"5":3},"b":{"0":[2,2]}}
,"C:\\Users\\USER\\Documents\\PROGRAMA STARTER\\qualidade-de-software\\avaliação\\backend-notes(cahce)\\src\\features\\user\\presentation\\controllers\\index.ts": {"path":"C:\\Users\\USER\\Documents\\PROGRAMA STARTER\\qualidade-de-software\\avaliação\\backend-notes(cahce)\\src\\features\\user\\presentation\\controllers\\index.ts","statementMap":{"0":{"start":{"line":1,"column":0},"end":{"line":1,"column":33}}},"fnMap":{},"branchMap":{},"s":{"0":6},"f":{},"b":{}}
,"C:\\Users\\USER\\Documents\\PROGRAMA STARTER\\qualidade-de-software\\avaliação\\backend-notes(cahce)\\src\\features\\user\\presentation\\controllers\\user.controller.ts": {"path":"C:\\Users\\USER\\Documents\\PROGRAMA STARTER\\qualidade-de-software\\avaliação\\backend-notes(cahce)\\src\\features\\user\\presentation\\controllers\\user.controller.ts","statementMap":{"0":{"start":{"line":3,"column":0},"end":{"line":3,"column":135}},"1":{"start":{"line":9,"column":4},"end":{"line":9,"column":41}},"2":{"start":{"line":10,"column":4},"end":{"line":10,"column":37}},"3":{"start":{"line":13,"column":8},"end":{"line":13,"column":38}},"4":{"start":{"line":14,"column":8},"end":{"line":14,"column":28}},"5":{"start":{"line":18,"column":8},"end":{"line":28,"column":null}},"6":{"start":{"line":19,"column":25},"end":{"line":19,"column":68}},"7":{"start":{"line":21,"column":12},"end":{"line":21,"column":47}},"8":{"start":{"line":23,"column":12},"end":{"line":23,"column":28}},"9":{"start":{"line":26,"column":12},"end":{"line":26,"column":null}},"10":{"start":{"line":27,"column":12},"end":{"line":27,"column":33}},"11":{"start":{"line":32,"column":8},"end":{"line":46,"column":null}},"12":{"start":{"line":33,"column":26},"end":{"line":33,"column":60}},"13":{"start":{"line":34,"column":12},"end":{"line":36,"column":null}},"14":{"start":{"line":35,"column":16},"end":{"line":35,"column":96}},"15":{"start":{"line":35,"column":52},"end":{"line":35,"column":93}},"16":{"start":{"line":38,"column":26},"end":{"line":38,"column":59}},"17":{"start":{"line":40,"column":12},"end":{"line":40,"column":54}},"18":{"start":{"line":42,"column":12},"end":{"line":42,"column":29}},"19":{"start":{"line":44,"column":12},"end":{"line":44,"column":null}},"20":{"start":{"line":45,"column":12},"end":{"line":45,"column":33}},"21":{"start":{"line":50,"column":24},"end":{"line":50,"column":38}},"22":{"start":{"line":52,"column":8},"end":{"line":66,"column":null}},"23":{"start":{"line":53,"column":26},"end":{"line":53,"column":62}},"24":{"start":{"line":54,"column":12},"end":{"line":56,"column":null}},"25":{"start":{"line":55,"column":16},"end":{"line":55,"column":67}},"26":{"start":{"line":58,"column":25},"end":{"line":58,"column":60}},"27":{"start":{"line":59,"column":12},"end":{"line":59,"column":63}},"28":{"start":{"line":59,"column":22},"end":{"line":59,"column":63}},"29":{"start":{"line":61,"column":12},"end":{"line":61,"column":55}},"30":{"start":{"line":63,"column":12},"end":{"line":63,"column":28}},"31":{"start":{"line":65,"column":12},"end":{"line":65,"column":null}},"32":{"start":{"line":70,"column":24},"end":{"line":70,"column":38}},"33":{"start":{"line":71,"column":8},"end":{"line":80,"column":null}},"34":{"start":{"line":72,"column":39},"end":{"line":72,"column":73}},"35":{"start":{"line":74,"column":12},"end":{"line":74,"column":47}},"36":{"start":{"line":75,"column":12},"end":{"line":75,"column":49}},"37":{"start":{"line":77,"column":12},"end":{"line":77,"column":28}},"38":{"start":{"line":79,"column":12},"end":{"line":79,"column":33}},"39":{"start":{"line":84,"column":24},"end":{"line":84,"column":38}},"40":{"start":{"line":85,"column":8},"end":{"line":94,"column":null}},"41":{"start":{"line":86,"column":25},"end":{"line":86,"column":73}},"42":{"start":{"line":88,"column":12},"end":{"line":88,"column":47}},"43":{"start":{"line":89,"column":12},"end":{"line":89,"column":49}},"44":{"start":{"line":91,"column":12},"end":{"line":91,"column":28}},"45":{"start":{"line":93,"column":12},"end":{"line":93,"column":33}},"46":{"start":{"line":7,"column":0},"end":{"line":7,"column":13}}},"fnMap":{"0":{"name":"(anonymous_2)","decl":{"start":{"line":12,"column":4},"end":{"line":12,"column":16}},"loc":{"start":{"line":12,"column":66},"end":{"line":15,"column":5}}},"1":{"name":"(anonymous_3)","decl":{"start":{"line":17,"column":4},"end":{"line":17,"column":9}},"loc":{"start":{"line":17,"column":36},"end":{"line":29,"column":5}}},"2":{"name":"(anonymous_4)","decl":{"start":{"line":31,"column":4},"end":{"line":31,"column":9}},"loc":{"start":{"line":31,"column":15},"end":{"line":47,"column":5}}},"3":{"name":"(anonymous_5)","decl":{"start":{"line":35,"column":36},"end":{"line":35,"column":37}},"loc":{"start":{"line":35,"column":52},"end":{"line":35,"column":93}}},"4":{"name":"(anonymous_6)","decl":{"start":{"line":49,"column":4},"end":{"line":49,"column":9}},"loc":{"start":{"line":49,"column":35},"end":{"line":67,"column":5}}},"5":{"name":"(anonymous_7)","decl":{"start":{"line":69,"column":4},"end":{"line":69,"column":9}},"loc":{"start":{"line":69,"column":37},"end":{"line":81,"column":5}}},"6":{"name":"(anonymous_8)","decl":{"start":{"line":83,"column":4},"end":{"line":83,"column":9}},"loc":{"start":{"line":83,"column":37},"end":{"line":95,"column":5}}}},"branchMap":{"0":{"loc":{"start":{"line":34,"column":12},"end":{"line":36,"column":null}},"type":"if","locations":[{"start":{"line":34,"column":12},"end":{"line":36,"column":null}},{"start":{"line":34,"column":12},"end":{"line":36,"column":null}}]},"1":{"loc":{"start":{"line":54,"column":12},"end":{"line":56,"column":null}},"type":"if","locations":[{"start":{"line":54,"column":12},"end":{"line":56,"column":null}},{"start":{"line":54,"column":12},"end":{"line":56,"column":null}}]},"2":{"loc":{"start":{"line":59,"column":12},"end":{"line":59,"column":63}},"type":"if","locations":[{"start":{"line":59,"column":12},"end":{"line":59,"column":63}},{"start":{"line":59,"column":12},"end":{"line":59,"column":63}}]}},"s":{"0":6,"1":19,"2":19,"3":19,"4":19,"5":4,"6":4,"7":3,"8":3,"9":1,"10":1,"11":6,"12":6,"13":4,"14":2,"15":3,"16":2,"17":2,"18":2,"19":2,"20":2,"21":7,"22":7,"23":7,"24":6,"25":2,"26":4,"27":4,"28":2,"29":2,"30":2,"31":1,"32":3,"33":3,"34":3,"35":2,"36":2,"37":2,"38":1,"39":3,"40":3,"41":3,"42":2,"43":2,"44":2,"45":1,"46":6},"f":{"0":19,"1":4,"2":6,"3":3,"4":7,"5":3,"6":3},"b":{"0":[2,2],"1":[2,4],"2":[2,2]}}
,"C:\\Users\\USER\\Documents\\PROGRAMA STARTER\\qualidade-de-software\\avaliação\\backend-notes(cahce)\\src\\features\\user\\presentation\\errors\\index.ts": {"path":"C:\\Users\\USER\\Documents\\PROGRAMA STARTER\\qualidade-de-software\\avaliação\\backend-notes(cahce)\\src\\features\\user\\presentation\\errors\\index.ts","statementMap":{"0":{"start":{"line":1,"column":0},"end":{"line":1,"column":44}}},"fnMap":{},"branchMap":{},"s":{"0":6},"f":{},"b":{}}
,"C:\\Users\\USER\\Documents\\PROGRAMA STARTER\\qualidade-de-software\\avaliação\\backend-notes(cahce)\\src\\features\\user\\presentation\\errors\\user-already-exists.error.ts": {"path":"C:\\Users\\USER\\Documents\\PROGRAMA STARTER\\qualidade-de-software\\avaliação\\backend-notes(cahce)\\src\\features\\user\\presentation\\errors\\user-already-exists.error.ts","statementMap":{"0":{"start":{"line":3,"column":8},"end":{"line":3,"column":53}},"1":{"start":{"line":4,"column":8},"end":{"line":4,"column":45}},"2":{"start":{"line":1,"column":0},"end":{"line":1,"column":13}}},"fnMap":{"0":{"name":"(anonymous_0)","decl":{"start":{"line":2,"column":4},"end":{"line":2,"column":null}},"loc":{"start":{"line":2,"column":4},"end":{"line":5,"column":5}}}},"branchMap":{},"s":{"0":2,"1":2,"2":6},"f":{"0":2},"b":{}}
,"C:\\Users\\USER\\Documents\\PROGRAMA STARTER\\qualidade-de-software\\avaliação\\backend-notes(cahce)\\src\\features\\user\\presentation\\middlewares\\index.ts": {"path":"C:\\Users\\USER\\Documents\\PROGRAMA STARTER\\qualidade-de-software\\avaliação\\backend-notes(cahce)\\src\\features\\user\\presentation\\middlewares\\index.ts","statementMap":{"0":{"start":{"line":1,"column":0},"end":{"line":1,"column":33}}},"fnMap":{},"branchMap":{},"s":{"0":6},"f":{},"b":{}}
,"C:\\Users\\USER\\Documents\\PROGRAMA STARTER\\qualidade-de-software\\avaliação\\backend-notes(cahce)\\src\\features\\user\\presentation\\middlewares\\user.middleware.ts": {"path":"C:\\Users\\USER\\Documents\\PROGRAMA STARTER\\qualidade-de-software\\avaliação\\backend-notes(cahce)\\src\\features\\user\\presentation\\middlewares\\user.middleware.ts","statementMap":{"0":{"start":{"line":1,"column":0},"end":{"line":1,"column":52}},"1":{"start":{"line":2,"column":0},"end":{"line":2,"column":153}},"2":{"start":{"line":4,"column":0},"end":{"line":4,"column":51}},"3":{"start":{"line":10,"column":27},"end":{"line":10,"column":39}},"4":{"start":{"line":12,"column":31},"end":{"line":16,"column":10}},"5":{"start":{"line":18,"column":8},"end":{"line":21,"column":null}},"6":{"start":{"line":19,"column":26},"end":{"line":19,"column":74}},"7":{"start":{"line":20,"column":12},"end":{"line":20,"column":47}},"8":{"start":{"line":20,"column":22},"end":{"line":20,"column":47}},"9":{"start":{"line":23,"column":30},"end":{"line":23,"column":102}},"10":{"start":{"line":24,"column":8},"end":{"line":24,"column":59}},"11":{"start":{"line":24,"column":26},"end":{"line":24,"column":59}},"12":{"start":{"line":26,"column":29},"end":{"line":26,"column":41}},"13":{"start":{"line":27,"column":21},"end":{"line":29,"column":10}},"14":{"start":{"line":31,"column":8},"end":{"line":31,"column":65}},"15":{"start":{"line":31,"column":17},"end":{"line":31,"column":65}},"16":{"start":{"line":33,"column":8},"end":{"line":33,"column":22}},"17":{"start":{"line":8,"column":0},"end":{"line":8,"column":13}}},"fnMap":{"0":{"name":"(anonymous_0)","decl":{"start":{"line":9,"column":4},"end":{"line":9,"column":9}},"loc":{"start":{"line":9,"column":40},"end":{"line":34,"column":5}}}},"branchMap":{"0":{"loc":{"start":{"line":20,"column":12},"end":{"line":20,"column":47}},"type":"if","locations":[{"start":{"line":20,"column":12},"end":{"line":20,"column":47}},{"start":{"line":20,"column":12},"end":{"line":20,"column":47}}]},"1":{"loc":{"start":{"line":24,"column":8},"end":{"line":24,"column":59}},"type":"if","locations":[{"start":{"line":24,"column":8},"end":{"line":24,"column":59}},{"start":{"line":24,"column":8},"end":{"line":24,"column":59}}]},"2":{"loc":{"start":{"line":31,"column":8},"end":{"line":31,"column":65}},"type":"if","locations":[{"start":{"line":31,"column":8},"end":{"line":31,"column":65}},{"start":{"line":31,"column":8},"end":{"line":31,"column":65}}]}},"s":{"0":6,"1":6,"2":6,"3":12,"4":12,"5":12,"6":30,"7":30,"8":6,"9":6,"10":6,"11":2,"12":4,"13":4,"14":4,"15":2,"16":2,"17":6},"f":{"0":12},"b":{"0":[6,24],"1":[2,4],"2":[2,2]}}
,"C:\\Users\\USER\\Documents\\PROGRAMA STARTER\\qualidade-de-software\\avaliação\\backend-notes(cahce)\\src\\features\\user\\presentation\\routes\\routes.ts": {"path":"C:\\Users\\USER\\Documents\\PROGRAMA STARTER\\qualidade-de-software\\avaliação\\backend-notes(cahce)\\src\\features\\user\\presentation\\routes\\routes.ts","statementMap":{"0":{"start":{"line":2,"column":0},"end":{"line":2,"column":57}},"1":{"start":{"line":3,"column":0},"end":{"line":3,"column":105}},"2":{"start":{"line":4,"column":0},"end":{"line":4,"column":45}},"3":{"start":{"line":5,"column":0},"end":{"line":5,"column":48}},"4":{"start":{"line":6,"column":0},"end":{"line":6,"column":48}},"5":{"start":{"line":10,"column":23},"end":{"line":14,"column":1}},"6":{"start":{"line":11,"column":23},"end":{"line":11,"column":43}},"7":{"start":{"line":12,"column":18},"end":{"line":12,"column":39}},"8":{"start":{"line":13,"column":4},"end":{"line":13,"column":49}},"9":{"start":{"line":19,"column":8},"end":{"line":20,"column":56}},"10":{"start":{"line":22,"column":8},"end":{"line":22,"column":76}},"11":{"start":{"line":24,"column":8},"end":{"line":24,"column":80}},"12":{"start":{"line":26,"column":8},"end":{"line":27,"column":57}},"13":{"start":{"line":29,"column":8},"end":{"line":29,"column":85}},"14":{"start":{"line":31,"column":8},"end":{"line":31,"column":22}},"15":{"start":{"line":16,"column":0},"end":{"line":16,"column":13}}},"fnMap":{"0":{"name":"(anonymous_0)","decl":{"start":{"line":10,"column":23},"end":{"line":10,"column":41}},"loc":{"start":{"line":10,"column":43},"end":{"line":14,"column":1}}},"1":{"name":"(anonymous_1)","decl":{"start":{"line":17,"column":11},"end":{"line":17,"column":15}},"loc":{"start":{"line":17,"column":30},"end":{"line":32,"column":5}}}},"branchMap":{},"s":{"0":6,"1":6,"2":6,"3":6,"4":6,"5":6,"6":5,"7":5,"8":5,"9":1,"10":1,"11":1,"12":1,"13":1,"14":1,"15":6},"f":{"0":5,"1":1},"b":{}}
}
