TN:
SF:src\core\infra\index.ts
FNF:0
FNH:0
DA:1,9
DA:2,9
DA:3,9
LF:3
LH:3
BRF:0
BRH:0
end_of_record
TN:
SF:src\core\infra\data\connections\database.ts
FN:6,(anonymous_0)
FN:14,(anonymous_1)
FN:20,(anonymous_2)
FNF:3
FNH:2
FNDA:0,(anonymous_0)
FNDA:6,(anonymous_1)
FNDA:3,(anonymous_2)
DA:1,9
DA:3,9
DA:7,0
DA:8,0
DA:11,0
DA:15,6
DA:16,6
DA:21,3
DA:22,0
DA:25,3
LF:10
LH:6
BRDA:7,0,0,0
BRDA:7,0,1,0
BRDA:15,1,0,6
BRDA:15,1,1,0
BRDA:21,2,0,0
BRDA:21,2,1,3
BRF:6
BRH:2
end_of_record
TN:
SF:src\core\infra\data\connections\redis.ts
FN:7,(anonymous_3)
FN:15,(anonymous_4)
FNF:2
FNH:2
FNDA:39,(anonymous_3)
FNDA:3,(anonymous_4)
DA:1,9
DA:2,9
DA:4,9
DA:5,9
DA:8,39
DA:9,3
DA:12,39
DA:16,3
DA:17,3
LF:9
LH:9
BRDA:8,0,0,3
BRDA:8,0,1,36
BRDA:16,1,0,3
BRDA:16,1,1,0
BRF:4
BRH:3
end_of_record
TN:
SF:src\core\infra\data\database\entities\checked-notes.entity.ts
FN:26,(anonymous_2)
FN:34,(anonymous_3)
FN:22,(anonymous_4)
FN:22,(anonymous_5)
FNF:4
FNH:4
FNDA:29,(anonymous_2)
FNDA:17,(anonymous_3)
FNDA:6,(anonymous_4)
FNDA:6,(anonymous_5)
DA:1,9
DA:2,9
DA:3,9
DA:6,9
DA:8,9
DA:11,9
DA:14,9
DA:17,9
DA:20,9
DA:22,6
DA:24,9
DA:27,29
DA:28,29
DA:29,29
DA:30,29
DA:34,9
DA:35,17
DA:36,17
LF:18
LH:18
BRF:0
BRH:0
end_of_record
TN:
SF:src\core\infra\data\database\entities\index.ts
FNF:0
FNH:0
DA:1,9
DA:2,9
DA:3,9
LF:3
LH:3
BRF:0
BRH:0
end_of_record
TN:
SF:src\core\infra\data\database\entities\notes.entity.ts
FN:29,(anonymous_2)
FN:37,(anonymous_3)
FN:44,(anonymous_4)
FN:25,(anonymous_5)
FN:25,(anonymous_6)
FNF:5
FNH:4
FNDA:32,(anonymous_2)
FNDA:20,(anonymous_3)
FNDA:0,(anonymous_4)
FNDA:6,(anonymous_5)
FNDA:6,(anonymous_6)
DA:1,9
DA:2,9
DA:3,9
DA:6,9
DA:8,9
DA:11,9
DA:14,9
DA:17,9
DA:20,9
DA:23,9
DA:25,6
DA:27,9
DA:30,32
DA:31,32
DA:32,32
DA:33,32
DA:37,9
DA:38,20
DA:39,20
DA:40,20
DA:44,9
DA:45,0
LF:22
LH:21
BRF:0
BRH:0
end_of_record
TN:
SF:src\core\infra\data\database\entities\users.entity.ts
FN:29,(anonymous_2)
FN:37,(anonymous_3)
FN:44,(anonymous_4)
FN:23,(anonymous_5)
FN:23,(anonymous_6)
FN:26,(anonymous_7)
FN:26,(anonymous_8)
FNF:7
FNH:6
FNDA:71,(anonymous_2)
FNDA:57,(anonymous_3)
FNDA:0,(anonymous_4)
FNDA:6,(anonymous_5)
FNDA:6,(anonymous_6)
FNDA:6,(anonymous_7)
FNDA:6,(anonymous_8)
DA:1,9
DA:2,9
DA:3,9
DA:4,9
DA:7,9
DA:9,9
DA:12,9
DA:15,9
DA:18,9
DA:21,9
DA:23,6
DA:24,9
DA:26,6
DA:27,9
DA:30,71
DA:31,71
DA:32,71
DA:33,71
DA:37,9
DA:38,57
DA:39,57
DA:40,57
DA:44,9
DA:45,0
LF:24
LH:23
BRF:0
BRH:0
end_of_record
TN:
SF:src\core\infra\data\database\migrations\1625528808365-CreateTableUsers.ts
FN:5,(anonymous_0)
FN:36,(anonymous_1)
FNF:2
FNH:0
FNDA:0,(anonymous_0)
FNDA:0,(anonymous_1)
DA:1,6
DA:3,6
DA:6,0
DA:37,0
LF:4
LH:2
BRF:0
BRH:0
end_of_record
TN:
SF:src\core\infra\data\database\migrations\1625669978984-CreateTableNotes.ts
FN:5,(anonymous_0)
FN:53,(anonymous_1)
FNF:2
FNH:0
FNDA:0,(anonymous_0)
FNDA:0,(anonymous_1)
DA:1,6
DA:3,6
DA:6,0
DA:42,0
DA:54,0
LF:5
LH:2
BRF:0
BRH:0
end_of_record
TN:
SF:src\core\infra\data\database\migrations\1625680978759-CreateTableCheckedNotes.ts
FN:5,(anonymous_0)
FN:51,(anonymous_1)
FNF:2
FNH:0
FNDA:0,(anonymous_0)
FNDA:0,(anonymous_1)
DA:1,6
DA:3,6
DA:6,0
DA:40,0
DA:52,0
LF:5
LH:2
BRF:0
BRH:0
end_of_record
TN:
SF:src\core\infra\repositories\cache.repository.ts
FN:4,(anonymous_0)
FN:9,(anonymous_1)
FN:18,(anonymous_2)
FN:26,(anonymous_3)
FNF:4
FNH:3
FNDA:6,(anonymous_0)
FNDA:0,(anonymous_1)
FNDA:18,(anonymous_2)
FNDA:15,(anonymous_3)
DA:1,9
DA:3,9
DA:5,6
DA:6,6
DA:14,0
DA:15,0
DA:19,18
DA:20,18
DA:21,15
DA:23,6
DA:27,15
DA:28,15
DA:29,15
LF:13
LH:11
BRDA:21,0,0,9
BRDA:21,0,1,6
BRF:2
BRH:2
end_of_record
TN:
SF:src\core\infra\repositories\index.ts
FNF:0
FNH:0
DA:1,9
LF:1
LH:1
BRF:0
BRH:0
end_of_record
TN:
SF:src\core\presentation\app.ts
FN:11,(anonymous_9)
FN:15,(anonymous_10)
FN:19,(anonymous_11)
FN:24,(anonymous_12)
FN:30,(anonymous_13)
FN:33,(anonymous_14)
FN:36,(anonymous_15)
FN:45,(anonymous_16)
FN:46,(anonymous_17)
FNF:9
FNH:2
FNDA:3,(anonymous_9)
FNDA:3,(anonymous_10)
FNDA:0,(anonymous_11)
FNDA:0,(anonymous_12)
FNDA:0,(anonymous_13)
FNDA:0,(anonymous_14)
FNDA:0,(anonymous_15)
FNDA:0,(anonymous_16)
FNDA:0,(anonymous_17)
DA:1,6
DA:2,6
DA:3,6
DA:4,6
DA:5,6
DA:8,6
DA:9,3
DA:12,3
DA:16,3
DA:20,0
DA:21,0
DA:25,0
DA:26,0
DA:27,0
DA:31,0
DA:33,0
DA:34,0
DA:36,0
DA:39,0
DA:40,0
DA:41,0
DA:42,0
DA:46,0
DA:47,0
LF:24
LH:9
BRF:0
BRH:0
end_of_record
TN:
SF:src\core\presentation\index.ts
FNF:0
FNH:0
DA:1,6
DA:2,6
DA:3,6
DA:4,6
DA:5,6
DA:6,6
DA:7,6
DA:8,6
LF:8
LH:8
BRF:0
BRH:0
end_of_record
TN:
SF:src\core\presentation\adapters\express-middleware.adapter.ts
FN:4,(anonymous_0)
FN:5,(anonymous_1)
FNF:2
FNH:2
FNDA:6,(anonymous_0)
FNDA:25,(anonymous_1)
DA:4,6
DA:5,6
DA:6,25
DA:11,25
DA:13,25
DA:14,6
DA:15,6
DA:17,19
LF:8
LH:8
BRDA:13,0,0,6
BRDA:13,0,1,19
BRF:2
BRH:2
end_of_record
TN:
SF:src\core\presentation\adapters\express-route.adapter.ts
FN:5,(anonymous_0)
FN:6,(anonymous_1)
FNF:2
FNH:2
FNDA:15,(anonymous_0)
FNDA:27,(anonymous_1)
DA:2,6
DA:5,6
DA:6,15
DA:7,27
DA:14,27
DA:16,3
DA:17,3
DA:19,9
DA:20,9
DA:22,9
DA:23,9
DA:25,3
DA:26,3
DA:28,3
DA:29,3
DA:32,27
DA:33,21
DA:35,6
LF:18
LH:18
BRDA:15,0,0,3
BRDA:15,0,1,9
BRDA:15,0,2,9
BRDA:15,0,3,3
BRDA:15,0,4,3
BRDA:32,1,0,21
BRDA:32,1,1,6
BRDA:32,2,0,27
BRDA:32,2,1,27
BRF:9
BRH:9
end_of_record
TN:
SF:src\core\presentation\adapters\index.ts
FNF:0
FNH:0
DA:1,6
DA:2,6
LF:2
LH:2
BRF:0
BRH:0
end_of_record
TN:
SF:src\core\presentation\contracts\index.ts
FNF:0
FNH:0
DA:1,6
DA:2,6
LF:2
LH:2
BRF:0
BRH:0
end_of_record
TN:
SF:src\core\presentation\enums\index.ts
FNF:0
FNH:0
DA:1,6
LF:1
LH:1
BRF:0
BRH:0
end_of_record
TN:
SF:src\core\presentation\enums\mvc.enum.ts
FN:1,(anonymous_0)
FNF:1
FNH:1
FNDA:6,(anonymous_0)
DA:1,6
DA:2,6
DA:3,6
DA:4,6
DA:5,6
DA:6,6
LF:6
LH:6
BRDA:1,0,0,6
BRDA:1,0,1,6
BRF:2
BRH:2
end_of_record
TN:
SF:src\core\presentation\errors\data-not-found.error.ts
FN:2,(anonymous_0)
FNF:1
FNH:1
FNDA:18,(anonymous_0)
DA:1,6
DA:3,18
DA:4,18
LF:3
LH:3
BRF:0
BRH:0
end_of_record
TN:
SF:src\core\presentation\errors\index.ts
FNF:0
FNH:0
DA:1,6
DA:2,6
DA:3,6
DA:4,6
LF:4
LH:4
BRF:0
BRH:0
end_of_record
TN:
SF:src\core\presentation\errors\invalid-param.error.ts
FN:2,(anonymous_0)
FNF:1
FNH:1
FNDA:2,(anonymous_0)
DA:1,6
DA:3,2
DA:4,2
LF:3
LH:3
BRF:0
BRH:0
end_of_record
TN:
SF:src\core\presentation\errors\missing-param.error.ts
FN:2,(anonymous_0)
FNF:1
FNH:1
FNDA:15,(anonymous_0)
DA:1,6
DA:3,15
DA:4,15
LF:3
LH:3
BRF:0
BRH:0
end_of_record
TN:
SF:src\core\presentation\errors\server.error.ts
FN:2,(anonymous_0)
FNF:1
FNH:1
FNDA:33,(anonymous_0)
DA:1,6
DA:3,33
DA:4,33
LF:3
LH:3
BRF:0
BRH:0
end_of_record
TN:
SF:src\core\presentation\helpers\http-helper.ts
FN:4,(anonymous_0)
FN:9,(anonymous_1)
FN:14,(anonymous_2)
FN:19,(anonymous_3)
FNF:4
FNH:4
FNDA:19,(anonymous_0)
FNDA:9,(anonymous_1)
FNDA:69,(anonymous_2)
FNDA:33,(anonymous_3)
DA:1,6
DA:4,19
DA:9,9
DA:14,69
DA:19,33
LF:5
LH:5
BRF:0
BRH:0
end_of_record
TN:
SF:src\core\presentation\helpers\index.ts
FNF:0
FNH:0
DA:1,6
LF:1
LH:1
BRF:0
BRH:0
end_of_record
TN:
SF:src\core\presentation\models\index.ts
FNF:0
FNH:0
DA:1,6
LF:1
LH:1
BRF:0
BRH:0
end_of_record
TN:
SF:src\core\presentation\validators\compare-fields.validator.ts
FN:8,(anonymous_2)
FN:13,(anonymous_3)
FNF:2
FNH:2
FNDA:6,(anonymous_2)
FNDA:6,(anonymous_3)
DA:1,6
DA:4,6
DA:5,6
DA:6,6
DA:9,6
DA:10,6
DA:14,6
DA:15,2
LF:8
LH:8
BRDA:14,0,0,2
BRDA:14,0,1,4
BRF:2
BRH:2
end_of_record
TN:
SF:src\core\presentation\validators\index.ts
FNF:0
FNH:0
DA:1,6
DA:2,6
LF:2
LH:2
BRF:0
BRH:0
end_of_record
TN:
SF:src\core\presentation\validators\require-fields.validator.ts
FN:7,(anonymous_2)
FN:11,(anonymous_3)
FNF:2
FNH:2
FNDA:60,(anonymous_2)
FNDA:60,(anonymous_3)
DA:1,6
DA:4,6
DA:5,60
DA:8,60
DA:12,60
DA:13,15
LF:6
LH:6
BRDA:12,0,0,15
BRDA:12,0,1,45
BRF:2
BRH:2
end_of_record
TN:
SF:src\features\checked-notes\infra\index.ts
FNF:0
FNH:0
DA:1,7
LF:1
LH:1
BRF:0
BRH:0
end_of_record
TN:
SF:src\features\checked-notes\infra\repositories\checked-notes.repository.ts
FN:6,(anonymous_0)
FN:18,(anonymous_1)
FN:32,(anonymous_2)
FN:35,(anonymous_3)
FN:46,(anonymous_4)
FN:57,(anonymous_5)
FNF:6
FNH:6
FNDA:2,(anonymous_0)
FNDA:4,(anonymous_1)
FNDA:2,(anonymous_2)
FNDA:4,(anonymous_3)
FNDA:3,(anonymous_4)
FNDA:3,(anonymous_5)
DA:1,7
DA:5,7
DA:7,2
DA:9,2
DA:15,2
DA:19,4
DA:21,4
DA:23,2
DA:33,2
DA:35,2
DA:36,4
DA:47,3
DA:49,3
DA:54,2
DA:58,3
LF:15
LH:15
BRDA:21,0,0,2
BRDA:21,0,1,2
BRF:2
BRH:2
end_of_record
TN:
SF:src\features\checked-notes\infra\repositories\index.ts
FNF:0
FNH:0
DA:1,7
LF:1
LH:1
BRF:0
BRH:0
end_of_record
TN:
SF:src\features\checked-notes\presentation\controllers\checked-notes.controller.ts
FN:12,(anonymous_2)
FN:17,(anonymous_3)
FN:29,(anonymous_4)
FN:34,(anonymous_5)
FN:47,(anonymous_6)
FN:67,(anonymous_7)
FN:82,(anonymous_8)
FNF:7
FNH:7
FNDA:19,(anonymous_2)
FNDA:4,(anonymous_3)
FNDA:6,(anonymous_4)
FNDA:3,(anonymous_5)
FNDA:7,(anonymous_6)
FNDA:3,(anonymous_7)
FNDA:3,(anonymous_8)
DA:2,6
DA:7,6
DA:9,19
DA:10,19
DA:13,19
DA:14,19
DA:18,4
DA:19,4
DA:21,3
DA:23,3
DA:25,1
DA:30,6
DA:31,6
DA:32,6
DA:33,4
DA:34,3
DA:37,2
DA:39,2
DA:41,2
DA:43,2
DA:48,7
DA:50,7
DA:51,7
DA:52,6
DA:53,2
DA:56,4
DA:57,4
DA:59,2
DA:61,2
DA:63,1
DA:68,3
DA:70,3
DA:71,3
DA:73,2
DA:74,2
DA:76,2
DA:78,1
DA:83,3
DA:85,3
DA:86,3
DA:88,2
DA:89,2
DA:91,2
DA:93,1
LF:44
LH:44
BRDA:33,0,0,2
BRDA:33,0,1,2
BRDA:52,1,0,2
BRDA:52,1,1,4
BRDA:57,2,0,2
BRDA:57,2,1,2
BRF:6
BRH:6
end_of_record
TN:
SF:src\features\checked-notes\presentation\controllers\index.ts
FNF:0
FNH:0
DA:1,6
LF:1
LH:1
BRF:0
BRH:0
end_of_record
TN:
SF:src\features\checked-notes\presentation\middlewares\index.ts
FNF:0
FNH:0
DA:1,6
LF:1
LH:1
BRF:0
BRH:0
end_of_record
TN:
SF:src\features\checked-notes\presentation\middlewares\notes.middleware.ts
FN:6,(anonymous_0)
FNF:1
FNH:1
FNDA:5,(anonymous_0)
DA:1,6
DA:5,6
DA:7,5
DA:9,5
DA:15,5
DA:16,12
DA:17,12
DA:20,2
LF:8
LH:8
BRDA:17,0,0,3
BRDA:17,0,1,9
BRF:2
BRH:2
end_of_record
TN:
SF:src\features\checked-notes\presentation\routes\routes.ts
FN:9,(anonymous_0)
FN:16,(anonymous_1)
FNF:2
FNH:2
FNDA:5,(anonymous_0)
FNDA:1,(anonymous_1)
DA:2,6
DA:3,6
DA:4,6
DA:5,6
DA:6,6
DA:9,6
DA:10,5
DA:11,5
DA:12,5
DA:15,6
DA:18,1
DA:20,1
DA:21,1
DA:22,1
DA:24,1
DA:26,1
LF:16
LH:16
BRF:0
BRH:0
end_of_record
TN:
SF:src\features\notes\infra\index.ts
FNF:0
FNH:0
DA:1,2
LF:1
LH:1
BRF:0
BRH:0
end_of_record
TN:
SF:src\features\notes\infra\repositories\index.ts
FNF:0
FNH:0
DA:1,2
LF:1
LH:1
BRF:0
BRH:0
end_of_record
TN:
SF:src\features\notes\infra\repositories\notes.repository.ts
FN:6,(anonymous_0)
FN:18,(anonymous_1)
FN:33,(anonymous_2)
FN:36,(anonymous_3)
FN:48,(anonymous_4)
FN:59,(anonymous_5)
FNF:6
FNH:6
FNDA:2,(anonymous_0)
FNDA:4,(anonymous_1)
FNDA:2,(anonymous_2)
FNDA:4,(anonymous_3)
FNDA:3,(anonymous_4)
FNDA:3,(anonymous_5)
DA:1,7
DA:5,7
DA:7,2
DA:9,2
DA:15,2
DA:19,4
DA:21,4
DA:23,2
DA:34,2
DA:36,2
DA:37,4
DA:49,3
DA:51,3
DA:56,2
DA:60,3
LF:15
LH:15
BRDA:21,0,0,2
BRDA:21,0,1,2
BRF:2
BRH:2
end_of_record
TN:
SF:src\features\notes\presentation\controllers\index.ts
FNF:0
FNH:0
DA:1,1
LF:1
LH:1
BRF:0
BRH:0
end_of_record
TN:
SF:src\features\notes\presentation\controllers\notes.controller.ts
FN:10,(anonymous_2)
FN:15,(anonymous_3)
FN:27,(anonymous_4)
FN:33,(anonymous_5)
FN:46,(anonymous_6)
FN:66,(anonymous_7)
FN:81,(anonymous_8)
FNF:7
FNH:7
FNDA:19,(anonymous_2)
FNDA:4,(anonymous_3)
FNDA:6,(anonymous_4)
FNDA:3,(anonymous_5)
FNDA:7,(anonymous_6)
FNDA:3,(anonymous_7)
FNDA:3,(anonymous_8)
DA:2,6
DA:5,6
DA:7,19
DA:8,19
DA:11,19
DA:12,19
DA:16,4
DA:17,4
DA:19,3
DA:21,3
DA:23,1
DA:28,6
DA:30,6
DA:31,6
DA:32,4
DA:33,3
DA:36,2
DA:38,2
DA:40,2
DA:42,2
DA:47,7
DA:49,7
DA:50,7
DA:51,6
DA:52,2
DA:55,4
DA:56,4
DA:58,2
DA:60,2
DA:62,1
DA:67,3
DA:69,3
DA:70,3
DA:72,2
DA:73,2
DA:75,2
DA:77,1
DA:82,3
DA:84,3
DA:85,3
DA:87,2
DA:88,2
DA:90,2
DA:92,1
LF:44
LH:44
BRDA:32,0,0,2
BRDA:32,0,1,2
BRDA:51,1,0,2
BRDA:51,1,1,4
BRDA:56,2,0,2
BRDA:56,2,1,2
BRF:6
BRH:6
end_of_record
TN:
SF:src\features\notes\presentation\middlewares\notes.middleware.ts
FN:5,(anonymous_0)
FNF:1
FNH:1
FNDA:8,(anonymous_0)
DA:1,6
DA:4,6
DA:6,8
DA:8,8
DA:14,8
DA:15,18
DA:16,18
DA:19,2
LF:8
LH:8
BRDA:16,0,0,6
BRDA:16,0,1,12
BRF:2
BRH:2
end_of_record
TN:
SF:src\features\notes\presentation\routes\routes.ts
FN:8,(anonymous_0)
FN:15,(anonymous_1)
FNF:2
FNH:2
FNDA:5,(anonymous_0)
FNDA:1,(anonymous_1)
DA:2,6
DA:3,6
DA:4,6
DA:5,6
DA:6,6
DA:8,6
DA:9,5
DA:10,5
DA:11,5
DA:14,6
DA:17,1
DA:20,1
DA:21,1
DA:22,1
DA:24,1
DA:27,1
LF:16
LH:16
BRF:0
BRH:0
end_of_record
TN:
SF:src\features\user\infra\index.ts
FNF:0
FNH:0
DA:1,7
LF:1
LH:1
BRF:0
BRH:0
end_of_record
TN:
SF:src\features\user\infra\repositories\index.ts
FNF:0
FNH:0
DA:1,7
LF:1
LH:1
BRF:0
BRH:0
end_of_record
TN:
SF:src\features\user\infra\repositories\user.repository.ts
FN:5,(anonymous_0)
FN:16,(anonymous_1)
FN:29,(anonymous_2)
FN:32,(anonymous_3)
FN:42,(anonymous_4)
FN:53,(anonymous_5)
FNF:6
FNH:6
FNDA:2,(anonymous_0)
FNDA:4,(anonymous_1)
FNDA:2,(anonymous_2)
FNDA:4,(anonymous_3)
FNDA:3,(anonymous_4)
FNDA:3,(anonymous_5)
DA:1,7
DA:4,7
DA:6,2
DA:8,2
DA:13,2
DA:17,4
DA:19,4
DA:21,2
DA:30,2
DA:32,2
DA:33,4
DA:43,3
DA:45,3
DA:50,2
DA:54,3
LF:15
LH:15
BRDA:19,0,0,2
BRDA:19,0,1,2
BRF:2
BRH:2
end_of_record
TN:
SF:src\features\user\presentation\controllers\index.ts
FNF:0
FNH:0
DA:1,6
LF:1
LH:1
BRF:0
BRH:0
end_of_record
TN:
SF:src\features\user\presentation\controllers\user.controller.ts
FN:12,(anonymous_2)
FN:17,(anonymous_3)
FN:31,(anonymous_4)
FN:35,(anonymous_5)
FN:49,(anonymous_6)
FN:69,(anonymous_7)
FN:83,(anonymous_8)
FNF:7
FNH:7
FNDA:19,(anonymous_2)
FNDA:4,(anonymous_3)
FNDA:6,(anonymous_4)
FNDA:3,(anonymous_5)
FNDA:7,(anonymous_6)
FNDA:3,(anonymous_7)
FNDA:3,(anonymous_8)
DA:3,6
DA:7,6
DA:9,19
DA:10,19
DA:13,19
DA:14,19
DA:18,4
DA:19,4
DA:21,3
DA:23,3
DA:26,1
DA:27,1
DA:32,6
DA:33,6
DA:34,4
DA:35,3
DA:38,2
DA:40,2
DA:42,2
DA:44,2
DA:45,2
DA:50,7
DA:52,7
DA:53,7
DA:54,6
DA:55,2
DA:58,4
DA:59,4
DA:61,2
DA:63,2
DA:65,1
DA:70,3
DA:71,3
DA:72,3
DA:74,2
DA:75,2
DA:77,2
DA:79,1
DA:84,3
DA:85,3
DA:86,3
DA:88,2
DA:89,2
DA:91,2
DA:93,1
LF:45
LH:45
BRDA:34,0,0,2
BRDA:34,0,1,2
BRDA:54,1,0,2
BRDA:54,1,1,4
BRDA:59,2,0,2
BRDA:59,2,1,2
BRF:6
BRH:6
end_of_record
TN:
SF:src\features\user\presentation\errors\index.ts
FNF:0
FNH:0
DA:1,6
LF:1
LH:1
BRF:0
BRH:0
end_of_record
TN:
SF:src\features\user\presentation\errors\user-already-exists.error.ts
FN:2,(anonymous_0)
FNF:1
FNH:1
FNDA:2,(anonymous_0)
DA:1,6
DA:3,2
DA:4,2
LF:3
LH:3
BRF:0
BRH:0
end_of_record
TN:
SF:src\features\user\presentation\middlewares\index.ts
FNF:0
FNH:0
DA:1,6
LF:1
LH:1
BRF:0
BRH:0
end_of_record
TN:
SF:src\features\user\presentation\middlewares\user.middleware.ts
FN:9,(anonymous_0)
FNF:1
FNH:1
FNDA:12,(anonymous_0)
DA:1,6
DA:2,6
DA:4,6
DA:8,6
DA:10,12
DA:12,12
DA:18,12
DA:19,30
DA:20,30
DA:23,6
DA:24,6
DA:26,4
DA:27,4
DA:31,4
DA:33,2
LF:15
LH:15
BRDA:20,0,0,6
BRDA:20,0,1,24
BRDA:24,1,0,2
BRDA:24,1,1,4
BRDA:31,2,0,2
BRDA:31,2,1,2
BRF:6
BRH:6
end_of_record
TN:
SF:src\features\user\presentation\routes\routes.ts
FN:10,(anonymous_0)
FN:17,(anonymous_1)
FNF:2
FNH:2
FNDA:5,(anonymous_0)
FNDA:1,(anonymous_1)
DA:2,6
DA:3,6
DA:4,6
DA:5,6
DA:6,6
DA:10,6
DA:11,5
DA:12,5
DA:13,5
DA:16,6
DA:19,1
DA:22,1
DA:24,1
DA:26,1
DA:29,1
DA:31,1
LF:16
LH:16
BRF:0
BRH:0
end_of_record
